
Analog Inference Back-end Compiler
Version 1.0
(c) 2021 Analog Inference, Inc.
Reading simulation parameters from:/home/akila/redo_project/auto_test_gen/../sw_be/desgen/hwtests/in/dt-io-ext-pull-2n-1-sim.json ...
Reading design specification from: /home/akila/redo_project/auto_test_gen/../sw_be/desgen/hwtests/in/dt-io-ext-pull-2n-1-spec.json ...
Validating parameters and building functional system instance ...
Building back-end model for Chip ID: 0
Layer_Mem_Type 3 index 0 rowsz 12 nrows 4 alloc 16384 mask 3fff 16383
Total Layer memory size  3300 tot size 0
Layer_Mem_Type 3 index 1 rowsz 9 nrows 4 alloc 16384 mask 3fff 16383
Total Layer memory size  3300 tot size 0
Layer_Mem_Type 0 index 2 rowsz 12 nrows 4 alloc 16384 mask 3fff 16383
Total Layer memory size  3300 tot size 16384
Set Input DMA blk ID layer 2 0
Layer_Mem_Type 0 index 3 rowsz 9 nrows 4 alloc 16384 mask 3fff 16383
Total Layer memory size  3300 tot size 32768
Set Input DMA blk ID layer 3 1
Layer_Mem_Type 0 index 6 rowsz 2 nrows 4 alloc 16384 mask 3fff 16383
Layer_Mem_Type 3 index 6 rowsz 2 nrows 4 alloc 16384 mask 3fff 16383
Total Layer memory size  3300 tot size 49152
Layer_Mem_Type 0 index 7 rowsz 1 nrows 4 alloc 16384 mask 3fff 16383
Layer_Mem_Type 3 index 7 rowsz 1 nrows 4 alloc 16384 mask 3fff 16383
Total Layer memory size  3300 tot size 65536
Layer_Mem_Type 0 index 4 rowsz 12 nrows 4 alloc 16384 mask 3fff 16383
Total Layer memory size  100 tot size 16384
SIMD MEM ALLOC conv layer 100 xbar 0 _simd_bias_address[] 0
xbar 0
Input Ranges 4 [0,31]Add xbar range layer 4 xbar 0 range [0,31]
[32,63]Add xbar range layer 4 xbar 0 range [32,63]
[64,95]Add xbar range layer 4 xbar 0 range [64,95]
Set weight layer 4 xbar 0 col 0
Set weight layer 4 xbar 0 col 1
Xbar range 0 0 , 1
Layer_Mem_Type 0 index 5 rowsz 9 nrows 4 alloc 16384 mask 3fff 16383
Total Layer memory size  200 tot size 16384
SIMD MEM ALLOC conv layer 200 xbar 1 _simd_bias_address[] 0
xbar 0
Input Ranges 5 [0,31]Add xbar range layer 5 xbar 0 range [0,31]
[32,63]Add xbar range layer 5 xbar 0 range [32,63]
[64,95]Add xbar range layer 5 xbar 0 range [64,95]
Set weight layer 5 xbar 0 col 0
Xbar range 0 0 , 0
Super Layer 0 prev next  (2,0x55dd7c921a40 0 )
Super Layer 1 prev next  (2,0x55dd7c92b600 0 )
Super Layer 2 prev -2 next  (4,0x55dd7c92ceb0 0 )
Super Layer 3 prev -2 next  (4,0x55dd7c92d7c0 0 )
Super Layer 4 prev 2 next 
Super Layer 5 prev 2 next 
Super Layer 6 prev -4 next  (-2,0x55dd7c92baa0 0 )
Super Layer 7 prev -4 next  (-2,0x55dd7c92c310 0 )
Assign super layer 0 sl  0 sidx  0
Assign super layer 1 sl  1 sidx  0
Assign super layer 2 sl  2 sidx  0
Assign super layer 3 sl  3 sidx  0
Assign super layer 6 sl  4 sidx  0
Assign super layer 7 sl  5 sidx  0
Assign super layer 4 sl  6 sidx  0
Assign super layer 5 sl  7 sidx  0
Super Layer 0 IO layer 0 Prev  Next (2,0x55dd7c921a40,0,0,32,,)
Super Layer 1 IO layer 1 Prev  Next (3,0x55dd7c92b600,0,1,32,,)
Super Layer 2 IO layer 2 Prev 0  Next (6,0x55dd7c92ceb0,0,2,32,,)
Super Layer 3 IO layer 3 Prev 1  Next (7,0x55dd7c92d7c0,0,3,32,,)
Super Layer 4 IO layer 4 Prev 6  Next 
Super Layer 5 IO layer 5 Prev 7  Next 
Super Layer 6 phy layer 0 layer 0 Prev 2  Next (4,0x55dd7c92baa0,0,0,0,,)
Super Layer 7 phy layer 1 layer 0 Prev 3  Next (5,0x55dd7c92c310,0,0,1,,)
Super Layer 8 Prev  Next 
Super Layer 9 Prev  Next 
Super Layer 10 Prev  Next 
Super Layer 11 Prev  Next 
Super Layer 12 Prev  Next 
Super Layer 13 Prev  Next 
Super Layer 14 Prev  Next 
Super Layer 15 Prev  Next 
Super Layer 16 Prev  Next 
Super Layer 17 Prev  Next 
Super Layer 18 Prev  Next 
Super Layer 19 Prev  Next 
Super Layer 20 Prev  Next 
Super Layer 21 Prev  Next 
Super Layer 22 Prev  Next 
Super Layer 23 Prev  Next 
Super Layer 24 Prev  Next 
Super Layer 25 Prev  Next 
Super Layer 26 Prev  Next 
Super Layer 27 Prev  Next 
Super Layer 28 Prev  Next 
Super Layer 29 Prev  Next 
Super Layer 30 Prev  Next 
Super Layer 31 Prev  Next 
Super Layer 32 Prev  Next 
Super Layer 33 Prev  Next 
Super Layer 34 Prev  Next 
Super Layer 35 Prev  Next 
Super Layer 36 Prev  Next 
Super Layer 37 Prev  Next 
Super Layer 38 Prev  Next 
Super Layer 39 Prev  Next 
Super Layer 40 Prev  Next 
Super Layer 41 Prev  Next 
Super Layer 42 Prev  Next 
Super Layer 43 Prev  Next 
Super Layer 44 Prev  Next 
Super Layer 45 Prev  Next 
Super Layer 46 Prev  Next 
Super Layer 47 Prev  Next 
Super Layer 48 Prev  Next 
Super Layer 49 Prev  Next 
Super Layer 50 Prev  Next 
Super Layer 51 Prev  Next 
Super Layer 52 Prev  Next 
Super Layer 53 Prev  Next 
Super Layer 54 Prev  Next 
Super Layer 55 Prev  Next 
Super Layer 56 Prev  Next 
Super Layer 57 Prev  Next 
Super Layer 58 Prev  Next 
Super Layer 59 Prev  Next 
Super Layer 60 Prev  Next 
Super Layer 61 Prev  Next 
Super Layer 62 Prev  Next 
Super Layer 63 Prev  Next 
Super Layer 64 Prev  Next 
Super Layer 65 Prev  Next 
Super Layer 66 Prev  Next 
Super Layer 67 Prev  Next 
Super Layer 68 Prev  Next 
Super Layer 69 Prev  Next 
Super Layer 70 Prev  Next 
Super Layer 71 Prev  Next 
Super Layer 72 Prev  Next 
Super Layer 73 Prev  Next 
Super Layer 74 Prev  Next 
Super Layer 75 Prev  Next 
Super Layer 76 Prev  Next 
Super Layer 77 Prev  Next 
Super Layer 78 Prev  Next 
Super Layer 79 Prev  Next 
Super Layer 80 Prev  Next 
Super Layer 81 Prev  Next 
Super Layer 82 Prev  Next 
Super Layer 83 Prev  Next 
Super Layer 84 Prev  Next 
Super Layer 85 Prev  Next 
Super Layer 86 Prev  Next 
Super Layer 87 Prev  Next 
Super Layer 88 Prev  Next 
Super Layer 89 Prev  Next 
Super Layer 90 Prev  Next 
Super Layer 91 Prev  Next 
Super Layer 92 Prev  Next 
Super Layer 93 Prev  Next 
Super Layer 94 Prev  Next 
Super Layer 95 Prev  Next 
Super Layer 96 Prev  Next 
Super Layer 97 Prev  Next 
Super Layer 98 Prev  Next 
Super Layer 99 Prev  Next 
Super Layer 100 Prev  Next 
Super Layer 101 Prev  Next 
Super Layer 102 Prev  Next 
Super Layer 103 Prev  Next 
Super Layer 104 Prev  Next 
Super Layer 105 Prev  Next 
Super Layer 106 Prev  Next 
Super Layer 107 Prev  Next 
Super Layer 108 Prev  Next 
Super Layer 109 Prev  Next 
Super Layer 110 Prev  Next 
Super Layer 111 Prev  Next 
Super Layer 112 Prev  Next 
Super Layer 113 Prev  Next 
Super Layer 114 Prev  Next 
Super Layer 115 Prev  Next 
Super Layer 116 Prev  Next 
Super Layer 117 Prev  Next 
Super Layer 118 Prev  Next 
Super Layer 119 Prev  Next 
Super Layer 120 Prev  Next 
Super Layer 121 Prev  Next 
Super Layer 122 Prev  Next 
Super Layer 123 Prev  Next 
Super Layer 124 Prev  Next 
Super Layer 125 Prev  Next 
Super Layer 126 Prev  Next 
Super Layer 127 Prev  Next 
Super Layer 128 Prev  Next 
Super Layer 129 Prev  Next 
Super Layer 130 Prev  Next 
Super Layer 131 Prev  Next 
Super Layer 132 Prev  Next 
Super Layer 133 Prev  Next 
Super Layer 134 Prev  Next 
Super Layer 135 Prev  Next 
Super Layer 136 Prev  Next 
Super Layer 137 Prev  Next 
Super Layer 138 Prev  Next 
Super Layer 139 Prev  Next 
Super Layer 140 Prev  Next 
Super Layer 141 Prev  Next 
Super Layer 142 Prev  Next 
Super Layer 143 Prev  Next 
Super Layer 144 Prev  Next 
Super Layer 145 Prev  Next 
Super Layer 146 Prev  Next 
Super Layer 147 Prev  Next 
Super Layer 148 Prev  Next 
Super Layer 149 Prev  Next 
Super Layer 150 Prev  Next 
Super Layer 151 Prev  Next 
Super Layer 152 Prev  Next 
Super Layer 153 Prev  Next 
Super Layer 154 Prev  Next 
Super Layer 155 Prev  Next 
Super Layer 156 Prev  Next 
Super Layer 157 Prev  Next 
Super Layer 158 Prev  Next 
Super Layer 159 Prev  Next 
Super Layer 160 Prev  Next 
Super Layer 161 Prev  Next 
Super Layer 162 Prev  Next 
Super Layer 163 Prev  Next 
Super Layer 164 Prev  Next 
Super Layer 165 Prev  Next 
Super Layer 166 Prev  Next 
Super Layer 167 Prev  Next 
Super Layer 168 Prev  Next 
Super Layer 169 Prev  Next 
Super Layer 170 Prev  Next 
Super Layer 171 Prev  Next 
Super Layer 172 Prev  Next 
Super Layer 173 Prev  Next 
Super Layer 174 Prev  Next 
Super Layer 175 Prev  Next 
Super Layer 176 Prev  Next 
Super Layer 177 Prev  Next 
Super Layer 178 Prev  Next 
Super Layer 179 Prev  Next 
Super Layer 180 Prev  Next 
Super Layer 181 Prev  Next 
Super Layer 182 Prev  Next 
Super Layer 183 Prev  Next 
Super Layer 184 Prev  Next 
Super Layer 185 Prev  Next 
Super Layer 186 Prev  Next 
Super Layer 187 Prev  Next 
Super Layer 188 Prev  Next 
Super Layer 189 Prev  Next 
Super Layer 190 Prev  Next 
Super Layer 191 Prev  Next 
Super Layer 192 Prev  Next 
Super Layer 193 Prev  Next 
Super Layer 194 Prev  Next 
Super Layer 195 Prev  Next 
Super Layer 196 Prev  Next 
Super Layer 197 Prev  Next 
Super Layer 198 Prev  Next 
Super Layer 199 Prev  Next 
Super Layer 200 Prev  Next 
Super Layer 201 Prev  Next 
Super Layer 202 Prev  Next 
Super Layer 203 Prev  Next 
Super Layer 204 Prev  Next 
Super Layer 205 Prev  Next 
Super Layer 206 Prev  Next 
Super Layer 207 Prev  Next 
Super Layer 208 Prev  Next 
Super Layer 209 Prev  Next 
Super Layer 210 Prev  Next 
Super Layer 211 Prev  Next 
Super Layer 212 Prev  Next 
Super Layer 213 Prev  Next 
Super Layer 214 Prev  Next 
Super Layer 215 Prev  Next 
Super Layer 216 Prev  Next 
Super Layer 217 Prev  Next 
Super Layer 218 Prev  Next 
Super Layer 219 Prev  Next 
Super Layer 220 Prev  Next 
Super Layer 221 Prev  Next 
Super Layer 222 Prev  Next 
Super Layer 223 Prev  Next 
Super Layer 224 Prev  Next 
Super Layer 225 Prev  Next 
Super Layer 226 Prev  Next 
Super Layer 227 Prev  Next 
Super Layer 228 Prev  Next 
Super Layer 229 Prev  Next 
Super Layer 230 Prev  Next 
Super Layer 231 Prev  Next 
Super Layer 232 Prev  Next 
Super Layer 233 Prev  Next 
Super Layer 234 Prev  Next 
Super Layer 235 Prev  Next 
Super Layer 236 Prev  Next 
Super Layer 237 Prev  Next 
Super Layer 238 Prev  Next 
Super Layer 239 Prev  Next 
Super Layer 240 Prev  Next 
Super Layer 241 Prev  Next 
Super Layer 242 Prev  Next 
Super Layer 243 Prev  Next 
Super Layer 244 Prev  Next 
Super Layer 245 Prev  Next 
Super Layer 246 Prev  Next 
Super Layer 247 Prev  Next 
Super Layer 248 Prev  Next 
Super Layer 249 Prev  Next 
Super Layer 250 Prev  Next 
Super Layer 251 Prev  Next 
Super Layer 252 Prev  Next 
Super Layer 253 Prev  Next 
Super Layer 254 Prev  Next 
Super Layer 255 Prev  Next 
Super Layer 0 IO layer 0 Prev  Next (2,0x55dd7c921a40,0,0,32,,)
Super Layer 1 IO layer 1 Prev  Next (3,0x55dd7c92b600,0,1,32,,)
Super Layer 2 IO layer 2 Prev 0  Next (6,0x55dd7c92ceb0,0,2,32,,)
Super Layer 3 IO layer 3 Prev 1  Next (7,0x55dd7c92d7c0,0,3,32,,)
Super Layer 4 IO layer 4 Prev 6  Next 
Super Layer 5 IO layer 5 Prev 7  Next 
Super Layer 6 phy layer 0 layer 0 Prev 2  Next (4,0x55dd7c92baa0,0,0,0,,)
Super Layer 7 phy layer 1 layer 0 Prev 3  Next (5,0x55dd7c92c310,0,0,1,,)
Super Layer 8 Prev  Next 
Super Layer 9 Prev  Next 
Super Layer 10 Prev  Next 
Super Layer 11 Prev  Next 
Super Layer 12 Prev  Next 
Super Layer 13 Prev  Next 
Super Layer 14 Prev  Next 
Super Layer 15 Prev  Next 
Super Layer 16 Prev  Next 
Super Layer 17 Prev  Next 
Super Layer 18 Prev  Next 
Super Layer 19 Prev  Next 
Super Layer 20 Prev  Next 
Super Layer 21 Prev  Next 
Super Layer 22 Prev  Next 
Super Layer 23 Prev  Next 
Super Layer 24 Prev  Next 
Super Layer 25 Prev  Next 
Super Layer 26 Prev  Next 
Super Layer 27 Prev  Next 
Super Layer 28 Prev  Next 
Super Layer 29 Prev  Next 
Super Layer 30 Prev  Next 
Super Layer 31 Prev  Next 
Super Layer 32 Prev  Next 
Super Layer 33 Prev  Next 
Super Layer 34 Prev  Next 
Super Layer 35 Prev  Next 
Super Layer 36 Prev  Next 
Super Layer 37 Prev  Next 
Super Layer 38 Prev  Next 
Super Layer 39 Prev  Next 
Super Layer 40 Prev  Next 
Super Layer 41 Prev  Next 
Super Layer 42 Prev  Next 
Super Layer 43 Prev  Next 
Super Layer 44 Prev  Next 
Super Layer 45 Prev  Next 
Super Layer 46 Prev  Next 
Super Layer 47 Prev  Next 
Super Layer 48 Prev  Next 
Super Layer 49 Prev  Next 
Super Layer 50 Prev  Next 
Super Layer 51 Prev  Next 
Super Layer 52 Prev  Next 
Super Layer 53 Prev  Next 
Super Layer 54 Prev  Next 
Super Layer 55 Prev  Next 
Super Layer 56 Prev  Next 
Super Layer 57 Prev  Next 
Super Layer 58 Prev  Next 
Super Layer 59 Prev  Next 
Super Layer 60 Prev  Next 
Super Layer 61 Prev  Next 
Super Layer 62 Prev  Next 
Super Layer 63 Prev  Next 
Super Layer 64 Prev  Next 
Super Layer 65 Prev  Next 
Super Layer 66 Prev  Next 
Super Layer 67 Prev  Next 
Super Layer 68 Prev  Next 
Super Layer 69 Prev  Next 
Super Layer 70 Prev  Next 
Super Layer 71 Prev  Next 
Super Layer 72 Prev  Next 
Super Layer 73 Prev  Next 
Super Layer 74 Prev  Next 
Super Layer 75 Prev  Next 
Super Layer 76 Prev  Next 
Super Layer 77 Prev  Next 
Super Layer 78 Prev  Next 
Super Layer 79 Prev  Next 
Super Layer 80 Prev  Next 
Super Layer 81 Prev  Next 
Super Layer 82 Prev  Next 
Super Layer 83 Prev  Next 
Super Layer 84 Prev  Next 
Super Layer 85 Prev  Next 
Super Layer 86 Prev  Next 
Super Layer 87 Prev  Next 
Super Layer 88 Prev  Next 
Super Layer 89 Prev  Next 
Super Layer 90 Prev  Next 
Super Layer 91 Prev  Next 
Super Layer 92 Prev  Next 
Super Layer 93 Prev  Next 
Super Layer 94 Prev  Next 
Super Layer 95 Prev  Next 
Super Layer 96 Prev  Next 
Super Layer 97 Prev  Next 
Super Layer 98 Prev  Next 
Super Layer 99 Prev  Next 
Super Layer 100 Prev  Next 
Super Layer 101 Prev  Next 
Super Layer 102 Prev  Next 
Super Layer 103 Prev  Next 
Super Layer 104 Prev  Next 
Super Layer 105 Prev  Next 
Super Layer 106 Prev  Next 
Super Layer 107 Prev  Next 
Super Layer 108 Prev  Next 
Super Layer 109 Prev  Next 
Super Layer 110 Prev  Next 
Super Layer 111 Prev  Next 
Super Layer 112 Prev  Next 
Super Layer 113 Prev  Next 
Super Layer 114 Prev  Next 
Super Layer 115 Prev  Next 
Super Layer 116 Prev  Next 
Super Layer 117 Prev  Next 
Super Layer 118 Prev  Next 
Super Layer 119 Prev  Next 
Super Layer 120 Prev  Next 
Super Layer 121 Prev  Next 
Super Layer 122 Prev  Next 
Super Layer 123 Prev  Next 
Super Layer 124 Prev  Next 
Super Layer 125 Prev  Next 
Super Layer 126 Prev  Next 
Super Layer 127 Prev  Next 
Super Layer 128 Prev  Next 
Super Layer 129 Prev  Next 
Super Layer 130 Prev  Next 
Super Layer 131 Prev  Next 
Super Layer 132 Prev  Next 
Super Layer 133 Prev  Next 
Super Layer 134 Prev  Next 
Super Layer 135 Prev  Next 
Super Layer 136 Prev  Next 
Super Layer 137 Prev  Next 
Super Layer 138 Prev  Next 
Super Layer 139 Prev  Next 
Super Layer 140 Prev  Next 
Super Layer 141 Prev  Next 
Super Layer 142 Prev  Next 
Super Layer 143 Prev  Next 
Super Layer 144 Prev  Next 
Super Layer 145 Prev  Next 
Super Layer 146 Prev  Next 
Super Layer 147 Prev  Next 
Super Layer 148 Prev  Next 
Super Layer 149 Prev  Next 
Super Layer 150 Prev  Next 
Super Layer 151 Prev  Next 
Super Layer 152 Prev  Next 
Super Layer 153 Prev  Next 
Super Layer 154 Prev  Next 
Super Layer 155 Prev  Next 
Super Layer 156 Prev  Next 
Super Layer 157 Prev  Next 
Super Layer 158 Prev  Next 
Super Layer 159 Prev  Next 
Super Layer 160 Prev  Next 
Super Layer 161 Prev  Next 
Super Layer 162 Prev  Next 
Super Layer 163 Prev  Next 
Super Layer 164 Prev  Next 
Super Layer 165 Prev  Next 
Super Layer 166 Prev  Next 
Super Layer 167 Prev  Next 
Super Layer 168 Prev  Next 
Super Layer 169 Prev  Next 
Super Layer 170 Prev  Next 
Super Layer 171 Prev  Next 
Super Layer 172 Prev  Next 
Super Layer 173 Prev  Next 
Super Layer 174 Prev  Next 
Super Layer 175 Prev  Next 
Super Layer 176 Prev  Next 
Super Layer 177 Prev  Next 
Super Layer 178 Prev  Next 
Super Layer 179 Prev  Next 
Super Layer 180 Prev  Next 
Super Layer 181 Prev  Next 
Super Layer 182 Prev  Next 
Super Layer 183 Prev  Next 
Super Layer 184 Prev  Next 
Super Layer 185 Prev  Next 
Super Layer 186 Prev  Next 
Super Layer 187 Prev  Next 
Super Layer 188 Prev  Next 
Super Layer 189 Prev  Next 
Super Layer 190 Prev  Next 
Super Layer 191 Prev  Next 
Super Layer 192 Prev  Next 
Super Layer 193 Prev  Next 
Super Layer 194 Prev  Next 
Super Layer 195 Prev  Next 
Super Layer 196 Prev  Next 
Super Layer 197 Prev  Next 
Super Layer 198 Prev  Next 
Super Layer 199 Prev  Next 
Super Layer 200 Prev  Next 
Super Layer 201 Prev  Next 
Super Layer 202 Prev  Next 
Super Layer 203 Prev  Next 
Super Layer 204 Prev  Next 
Super Layer 205 Prev  Next 
Super Layer 206 Prev  Next 
Super Layer 207 Prev  Next 
Super Layer 208 Prev  Next 
Super Layer 209 Prev  Next 
Super Layer 210 Prev  Next 
Super Layer 211 Prev  Next 
Super Layer 212 Prev  Next 
Super Layer 213 Prev  Next 
Super Layer 214 Prev  Next 
Super Layer 215 Prev  Next 
Super Layer 216 Prev  Next 
Super Layer 217 Prev  Next 
Super Layer 218 Prev  Next 
Super Layer 219 Prev  Next 
Super Layer 220 Prev  Next 
Super Layer 221 Prev  Next 
Super Layer 222 Prev  Next 
Super Layer 223 Prev  Next 
Super Layer 224 Prev  Next 
Super Layer 225 Prev  Next 
Super Layer 226 Prev  Next 
Super Layer 227 Prev  Next 
Super Layer 228 Prev  Next 
Super Layer 229 Prev  Next 
Super Layer 230 Prev  Next 
Super Layer 231 Prev  Next 
Super Layer 232 Prev  Next 
Super Layer 233 Prev  Next 
Super Layer 234 Prev  Next 
Super Layer 235 Prev  Next 
Super Layer 236 Prev  Next 
Super Layer 237 Prev  Next 
Super Layer 238 Prev  Next 
Super Layer 239 Prev  Next 
Super Layer 240 Prev  Next 
Super Layer 241 Prev  Next 
Super Layer 242 Prev  Next 
Super Layer 243 Prev  Next 
Super Layer 244 Prev  Next 
Super Layer 245 Prev  Next 
Super Layer 246 Prev  Next 
Super Layer 247 Prev  Next 
Super Layer 248 Prev  Next 
Super Layer 249 Prev  Next 
Super Layer 250 Prev  Next 
Super Layer 251 Prev  Next 
Super Layer 252 Prev  Next 
Super Layer 253 Prev  Next 
Super Layer 254 Prev  Next 
Super Layer 255 Prev  Next 
Super Layer 0 IO layer 0 Prev  Next (2,0x55dd7c921a40,0,0,32,,)
Super Layer 1 IO layer 1 Prev  Next (3,0x55dd7c92b600,0,1,32,,)
Super Layer 2 IO layer 2 Prev 0  Next (6,0x55dd7c92ceb0,0,2,32,,)
Super Layer 3 IO layer 3 Prev 1  Next (7,0x55dd7c92d7c0,0,3,32,,)
Super Layer 4 IO layer 4 Prev 6  Next 
Super Layer 5 IO layer 5 Prev 7  Next 
Super Layer 6 phy layer 0 layer 0 Prev 2  Next (4,0x55dd7c92baa0,0,0,0,,)
Super Layer 7 phy layer 1 layer 0 Prev 3  Next (5,0x55dd7c92c310,0,0,1,,)
Super Layer 8 Prev  Next 
Super Layer 9 Prev  Next 
Super Layer 10 Prev  Next 
Super Layer 11 Prev  Next 
Super Layer 12 Prev  Next 
Super Layer 13 Prev  Next 
Super Layer 14 Prev  Next 
Super Layer 15 Prev  Next 
Super Layer 16 Prev  Next 
Super Layer 17 Prev  Next 
Super Layer 18 Prev  Next 
Super Layer 19 Prev  Next 
Super Layer 20 Prev  Next 
Super Layer 21 Prev  Next 
Super Layer 22 Prev  Next 
Super Layer 23 Prev  Next 
Super Layer 24 Prev  Next 
Super Layer 25 Prev  Next 
Super Layer 26 Prev  Next 
Super Layer 27 Prev  Next 
Super Layer 28 Prev  Next 
Super Layer 29 Prev  Next 
Super Layer 30 Prev  Next 
Super Layer 31 Prev  Next 
Super Layer 32 Prev  Next 
Super Layer 33 Prev  Next 
Super Layer 34 Prev  Next 
Super Layer 35 Prev  Next 
Super Layer 36 Prev  Next 
Super Layer 37 Prev  Next 
Super Layer 38 Prev  Next 
Super Layer 39 Prev  Next 
Super Layer 40 Prev  Next 
Super Layer 41 Prev  Next 
Super Layer 42 Prev  Next 
Super Layer 43 Prev  Next 
Super Layer 44 Prev  Next 
Super Layer 45 Prev  Next 
Super Layer 46 Prev  Next 
Super Layer 47 Prev  Next 
Super Layer 48 Prev  Next 
Super Layer 49 Prev  Next 
Super Layer 50 Prev  Next 
Super Layer 51 Prev  Next 
Super Layer 52 Prev  Next 
Super Layer 53 Prev  Next 
Super Layer 54 Prev  Next 
Super Layer 55 Prev  Next 
Super Layer 56 Prev  Next 
Super Layer 57 Prev  Next 
Super Layer 58 Prev  Next 
Super Layer 59 Prev  Next 
Super Layer 60 Prev  Next 
Super Layer 61 Prev  Next 
Super Layer 62 Prev  Next 
Super Layer 63 Prev  Next 
Super Layer 64 Prev  Next 
Super Layer 65 Prev  Next 
Super Layer 66 Prev  Next 
Super Layer 67 Prev  Next 
Super Layer 68 Prev  Next 
Super Layer 69 Prev  Next 
Super Layer 70 Prev  Next 
Super Layer 71 Prev  Next 
Super Layer 72 Prev  Next 
Super Layer 73 Prev  Next 
Super Layer 74 Prev  Next 
Super Layer 75 Prev  Next 
Super Layer 76 Prev  Next 
Super Layer 77 Prev  Next 
Super Layer 78 Prev  Next 
Super Layer 79 Prev  Next 
Super Layer 80 Prev  Next 
Super Layer 81 Prev  Next 
Super Layer 82 Prev  Next 
Super Layer 83 Prev  Next 
Super Layer 84 Prev  Next 
Super Layer 85 Prev  Next 
Super Layer 86 Prev  Next 
Super Layer 87 Prev  Next 
Super Layer 88 Prev  Next 
Super Layer 89 Prev  Next 
Super Layer 90 Prev  Next 
Super Layer 91 Prev  Next 
Super Layer 92 Prev  Next 
Super Layer 93 Prev  Next 
Super Layer 94 Prev  Next 
Super Layer 95 Prev  Next 
Super Layer 96 Prev  Next 
Super Layer 97 Prev  Next 
Super Layer 98 Prev  Next 
Super Layer 99 Prev  Next 
Super Layer 100 Prev  Next 
Super Layer 101 Prev  Next 
Super Layer 102 Prev  Next 
Super Layer 103 Prev  Next 
Super Layer 104 Prev  Next 
Super Layer 105 Prev  Next 
Super Layer 106 Prev  Next 
Super Layer 107 Prev  Next 
Super Layer 108 Prev  Next 
Super Layer 109 Prev  Next 
Super Layer 110 Prev  Next 
Super Layer 111 Prev  Next 
Super Layer 112 Prev  Next 
Super Layer 113 Prev  Next 
Super Layer 114 Prev  Next 
Super Layer 115 Prev  Next 
Super Layer 116 Prev  Next 
Super Layer 117 Prev  Next 
Super Layer 118 Prev  Next 
Super Layer 119 Prev  Next 
Super Layer 120 Prev  Next 
Super Layer 121 Prev  Next 
Super Layer 122 Prev  Next 
Super Layer 123 Prev  Next 
Super Layer 124 Prev  Next 
Super Layer 125 Prev  Next 
Super Layer 126 Prev  Next 
Super Layer 127 Prev  Next 
Super Layer 128 Prev  Next 
Super Layer 129 Prev  Next 
Super Layer 130 Prev  Next 
Super Layer 131 Prev  Next 
Super Layer 132 Prev  Next 
Super Layer 133 Prev  Next 
Super Layer 134 Prev  Next 
Super Layer 135 Prev  Next 
Super Layer 136 Prev  Next 
Super Layer 137 Prev  Next 
Super Layer 138 Prev  Next 
Super Layer 139 Prev  Next 
Super Layer 140 Prev  Next 
Super Layer 141 Prev  Next 
Super Layer 142 Prev  Next 
Super Layer 143 Prev  Next 
Super Layer 144 Prev  Next 
Super Layer 145 Prev  Next 
Super Layer 146 Prev  Next 
Super Layer 147 Prev  Next 
Super Layer 148 Prev  Next 
Super Layer 149 Prev  Next 
Super Layer 150 Prev  Next 
Super Layer 151 Prev  Next 
Super Layer 152 Prev  Next 
Super Layer 153 Prev  Next 
Super Layer 154 Prev  Next 
Super Layer 155 Prev  Next 
Super Layer 156 Prev  Next 
Super Layer 157 Prev  Next 
Super Layer 158 Prev  Next 
Super Layer 159 Prev  Next 
Super Layer 160 Prev  Next 
Super Layer 161 Prev  Next 
Super Layer 162 Prev  Next 
Super Layer 163 Prev  Next 
Super Layer 164 Prev  Next 
Super Layer 165 Prev  Next 
Super Layer 166 Prev  Next 
Super Layer 167 Prev  Next 
Super Layer 168 Prev  Next 
Super Layer 169 Prev  Next 
Super Layer 170 Prev  Next 
Super Layer 171 Prev  Next 
Super Layer 172 Prev  Next 
Super Layer 173 Prev  Next 
Super Layer 174 Prev  Next 
Super Layer 175 Prev  Next 
Super Layer 176 Prev  Next 
Super Layer 177 Prev  Next 
Super Layer 178 Prev  Next 
Super Layer 179 Prev  Next 
Super Layer 180 Prev  Next 
Super Layer 181 Prev  Next 
Super Layer 182 Prev  Next 
Super Layer 183 Prev  Next 
Super Layer 184 Prev  Next 
Super Layer 185 Prev  Next 
Super Layer 186 Prev  Next 
Super Layer 187 Prev  Next 
Super Layer 188 Prev  Next 
Super Layer 189 Prev  Next 
Super Layer 190 Prev  Next 
Super Layer 191 Prev  Next 
Super Layer 192 Prev  Next 
Super Layer 193 Prev  Next 
Super Layer 194 Prev  Next 
Super Layer 195 Prev  Next 
Super Layer 196 Prev  Next 
Super Layer 197 Prev  Next 
Super Layer 198 Prev  Next 
Super Layer 199 Prev  Next 
Super Layer 200 Prev  Next 
Super Layer 201 Prev  Next 
Super Layer 202 Prev  Next 
Super Layer 203 Prev  Next 
Super Layer 204 Prev  Next 
Super Layer 205 Prev  Next 
Super Layer 206 Prev  Next 
Super Layer 207 Prev  Next 
Super Layer 208 Prev  Next 
Super Layer 209 Prev  Next 
Super Layer 210 Prev  Next 
Super Layer 211 Prev  Next 
Super Layer 212 Prev  Next 
Super Layer 213 Prev  Next 
Super Layer 214 Prev  Next 
Super Layer 215 Prev  Next 
Super Layer 216 Prev  Next 
Super Layer 217 Prev  Next 
Super Layer 218 Prev  Next 
Super Layer 219 Prev  Next 
Super Layer 220 Prev  Next 
Super Layer 221 Prev  Next 
Super Layer 222 Prev  Next 
Super Layer 223 Prev  Next 
Super Layer 224 Prev  Next 
Super Layer 225 Prev  Next 
Super Layer 226 Prev  Next 
Super Layer 227 Prev  Next 
Super Layer 228 Prev  Next 
Super Layer 229 Prev  Next 
Super Layer 230 Prev  Next 
Super Layer 231 Prev  Next 
Super Layer 232 Prev  Next 
Super Layer 233 Prev  Next 
Super Layer 234 Prev  Next 
Super Layer 235 Prev  Next 
Super Layer 236 Prev  Next 
Super Layer 237 Prev  Next 
Super Layer 238 Prev  Next 
Super Layer 239 Prev  Next 
Super Layer 240 Prev  Next 
Super Layer 241 Prev  Next 
Super Layer 242 Prev  Next 
Super Layer 243 Prev  Next 
Super Layer 244 Prev  Next 
Super Layer 245 Prev  Next 
Super Layer 246 Prev  Next 
Super Layer 247 Prev  Next 
Super Layer 248 Prev  Next 
Super Layer 249 Prev  Next 
Super Layer 250 Prev  Next 
Super Layer 251 Prev  Next 
Super Layer 252 Prev  Next 
Super Layer 253 Prev  Next 
Super Layer 254 Prev  Next 
Super Layer 255 Prev  Next 
Super Layer 0 IO layer 0 Prev  Next (2,0x55dd7c921a40,0,0,32,,)
Super Layer 1 IO layer 1 Prev  Next (3,0x55dd7c92b600,0,1,32,,)
Super Layer 2 IO layer 2 Prev 0  Next (6,0x55dd7c92ceb0,0,2,32,,)
Super Layer 3 IO layer 3 Prev 1  Next (7,0x55dd7c92d7c0,0,3,32,,)
Super Layer 4 IO layer 4 Prev 6  Next 
Super Layer 5 IO layer 5 Prev 7  Next 
Super Layer 6 phy layer 0 layer 0 Prev 2  Next (4,0x55dd7c92baa0,0,0,0,,)
Super Layer 7 phy layer 1 layer 0 Prev 3  Next (5,0x55dd7c92c310,0,0,1,,)
Super Layer 8 Prev  Next 
Super Layer 9 Prev  Next 
Super Layer 10 Prev  Next 
Super Layer 11 Prev  Next 
Super Layer 12 Prev  Next 
Super Layer 13 Prev  Next 
Super Layer 14 Prev  Next 
Super Layer 15 Prev  Next 
Super Layer 16 Prev  Next 
Super Layer 17 Prev  Next 
Super Layer 18 Prev  Next 
Super Layer 19 Prev  Next 
Super Layer 20 Prev  Next 
Super Layer 21 Prev  Next 
Super Layer 22 Prev  Next 
Super Layer 23 Prev  Next 
Super Layer 24 Prev  Next 
Super Layer 25 Prev  Next 
Super Layer 26 Prev  Next 
Super Layer 27 Prev  Next 
Super Layer 28 Prev  Next 
Super Layer 29 Prev  Next 
Super Layer 30 Prev  Next 
Super Layer 31 Prev  Next 
Super Layer 32 Prev  Next 
Super Layer 33 Prev  Next 
Super Layer 34 Prev  Next 
Super Layer 35 Prev  Next 
Super Layer 36 Prev  Next 
Super Layer 37 Prev  Next 
Super Layer 38 Prev  Next 
Super Layer 39 Prev  Next 
Super Layer 40 Prev  Next 
Super Layer 41 Prev  Next 
Super Layer 42 Prev  Next 
Super Layer 43 Prev  Next 
Super Layer 44 Prev  Next 
Super Layer 45 Prev  Next 
Super Layer 46 Prev  Next 
Super Layer 47 Prev  Next 
Super Layer 48 Prev  Next 
Super Layer 49 Prev  Next 
Super Layer 50 Prev  Next 
Super Layer 51 Prev  Next 
Super Layer 52 Prev  Next 
Super Layer 53 Prev  Next 
Super Layer 54 Prev  Next 
Super Layer 55 Prev  Next 
Super Layer 56 Prev  Next 
Super Layer 57 Prev  Next 
Super Layer 58 Prev  Next 
Super Layer 59 Prev  Next 
Super Layer 60 Prev  Next 
Super Layer 61 Prev  Next 
Super Layer 62 Prev  Next 
Super Layer 63 Prev  Next 
Super Layer 64 Prev  Next 
Super Layer 65 Prev  Next 
Super Layer 66 Prev  Next 
Super Layer 67 Prev  Next 
Super Layer 68 Prev  Next 
Super Layer 69 Prev  Next 
Super Layer 70 Prev  Next 
Super Layer 71 Prev  Next 
Super Layer 72 Prev  Next 
Super Layer 73 Prev  Next 
Super Layer 74 Prev  Next 
Super Layer 75 Prev  Next 
Super Layer 76 Prev  Next 
Super Layer 77 Prev  Next 
Super Layer 78 Prev  Next 
Super Layer 79 Prev  Next 
Super Layer 80 Prev  Next 
Super Layer 81 Prev  Next 
Super Layer 82 Prev  Next 
Super Layer 83 Prev  Next 
Super Layer 84 Prev  Next 
Super Layer 85 Prev  Next 
Super Layer 86 Prev  Next 
Super Layer 87 Prev  Next 
Super Layer 88 Prev  Next 
Super Layer 89 Prev  Next 
Super Layer 90 Prev  Next 
Super Layer 91 Prev  Next 
Super Layer 92 Prev  Next 
Super Layer 93 Prev  Next 
Super Layer 94 Prev  Next 
Super Layer 95 Prev  Next 
Super Layer 96 Prev  Next 
Super Layer 97 Prev  Next 
Super Layer 98 Prev  Next 
Super Layer 99 Prev  Next 
Super Layer 100 Prev  Next 
Super Layer 101 Prev  Next 
Super Layer 102 Prev  Next 
Super Layer 103 Prev  Next 
Super Layer 104 Prev  Next 
Super Layer 105 Prev  Next 
Super Layer 106 Prev  Next 
Super Layer 107 Prev  Next 
Super Layer 108 Prev  Next 
Super Layer 109 Prev  Next 
Super Layer 110 Prev  Next 
Super Layer 111 Prev  Next 
Super Layer 112 Prev  Next 
Super Layer 113 Prev  Next 
Super Layer 114 Prev  Next 
Super Layer 115 Prev  Next 
Super Layer 116 Prev  Next 
Super Layer 117 Prev  Next 
Super Layer 118 Prev  Next 
Super Layer 119 Prev  Next 
Super Layer 120 Prev  Next 
Super Layer 121 Prev  Next 
Super Layer 122 Prev  Next 
Super Layer 123 Prev  Next 
Super Layer 124 Prev  Next 
Super Layer 125 Prev  Next 
Super Layer 126 Prev  Next 
Super Layer 127 Prev  Next 
Super Layer 128 Prev  Next 
Super Layer 129 Prev  Next 
Super Layer 130 Prev  Next 
Super Layer 131 Prev  Next 
Super Layer 132 Prev  Next 
Super Layer 133 Prev  Next 
Super Layer 134 Prev  Next 
Super Layer 135 Prev  Next 
Super Layer 136 Prev  Next 
Super Layer 137 Prev  Next 
Super Layer 138 Prev  Next 
Super Layer 139 Prev  Next 
Super Layer 140 Prev  Next 
Super Layer 141 Prev  Next 
Super Layer 142 Prev  Next 
Super Layer 143 Prev  Next 
Super Layer 144 Prev  Next 
Super Layer 145 Prev  Next 
Super Layer 146 Prev  Next 
Super Layer 147 Prev  Next 
Super Layer 148 Prev  Next 
Super Layer 149 Prev  Next 
Super Layer 150 Prev  Next 
Super Layer 151 Prev  Next 
Super Layer 152 Prev  Next 
Super Layer 153 Prev  Next 
Super Layer 154 Prev  Next 
Super Layer 155 Prev  Next 
Super Layer 156 Prev  Next 
Super Layer 157 Prev  Next 
Super Layer 158 Prev  Next 
Super Layer 159 Prev  Next 
Super Layer 160 Prev  Next 
Super Layer 161 Prev  Next 
Super Layer 162 Prev  Next 
Super Layer 163 Prev  Next 
Super Layer 164 Prev  Next 
Super Layer 165 Prev  Next 
Super Layer 166 Prev  Next 
Super Layer 167 Prev  Next 
Super Layer 168 Prev  Next 
Super Layer 169 Prev  Next 
Super Layer 170 Prev  Next 
Super Layer 171 Prev  Next 
Super Layer 172 Prev  Next 
Super Layer 173 Prev  Next 
Super Layer 174 Prev  Next 
Super Layer 175 Prev  Next 
Super Layer 176 Prev  Next 
Super Layer 177 Prev  Next 
Super Layer 178 Prev  Next 
Super Layer 179 Prev  Next 
Super Layer 180 Prev  Next 
Super Layer 181 Prev  Next 
Super Layer 182 Prev  Next 
Super Layer 183 Prev  Next 
Super Layer 184 Prev  Next 
Super Layer 185 Prev  Next 
Super Layer 186 Prev  Next 
Super Layer 187 Prev  Next 
Super Layer 188 Prev  Next 
Super Layer 189 Prev  Next 
Super Layer 190 Prev  Next 
Super Layer 191 Prev  Next 
Super Layer 192 Prev  Next 
Super Layer 193 Prev  Next 
Super Layer 194 Prev  Next 
Super Layer 195 Prev  Next 
Super Layer 196 Prev  Next 
Super Layer 197 Prev  Next 
Super Layer 198 Prev  Next 
Super Layer 199 Prev  Next 
Super Layer 200 Prev  Next 
Super Layer 201 Prev  Next 
Super Layer 202 Prev  Next 
Super Layer 203 Prev  Next 
Super Layer 204 Prev  Next 
Super Layer 205 Prev  Next 
Super Layer 206 Prev  Next 
Super Layer 207 Prev  Next 
Super Layer 208 Prev  Next 
Super Layer 209 Prev  Next 
Super Layer 210 Prev  Next 
Super Layer 211 Prev  Next 
Super Layer 212 Prev  Next 
Super Layer 213 Prev  Next 
Super Layer 214 Prev  Next 
Super Layer 215 Prev  Next 
Super Layer 216 Prev  Next 
Super Layer 217 Prev  Next 
Super Layer 218 Prev  Next 
Super Layer 219 Prev  Next 
Super Layer 220 Prev  Next 
Super Layer 221 Prev  Next 
Super Layer 222 Prev  Next 
Super Layer 223 Prev  Next 
Super Layer 224 Prev  Next 
Super Layer 225 Prev  Next 
Super Layer 226 Prev  Next 
Super Layer 227 Prev  Next 
Super Layer 228 Prev  Next 
Super Layer 229 Prev  Next 
Super Layer 230 Prev  Next 
Super Layer 231 Prev  Next 
Super Layer 232 Prev  Next 
Super Layer 233 Prev  Next 
Super Layer 234 Prev  Next 
Super Layer 235 Prev  Next 
Super Layer 236 Prev  Next 
Super Layer 237 Prev  Next 
Super Layer 238 Prev  Next 
Super Layer 239 Prev  Next 
Super Layer 240 Prev  Next 
Super Layer 241 Prev  Next 
Super Layer 242 Prev  Next 
Super Layer 243 Prev  Next 
Super Layer 244 Prev  Next 
Super Layer 245 Prev  Next 
Super Layer 246 Prev  Next 
Super Layer 247 Prev  Next 
Super Layer 248 Prev  Next 
Super Layer 249 Prev  Next 
Super Layer 250 Prev  Next 
Super Layer 251 Prev  Next 
Super Layer 252 Prev  Next 
Super Layer 253 Prev  Next 
Super Layer 254 Prev  Next 
Super Layer 255 Prev  Next 
Super Layer 0 IO layer 0 Prev  Next (2,0x55dd7c921a40,0,0,32,,)
Super Layer 1 IO layer 1 Prev  Next (3,0x55dd7c92b600,0,1,32,,)
Super Layer 2 IO layer 2 Prev 0  Next (6,0x55dd7c92ceb0,0,2,32,,)
Super Layer 3 IO layer 3 Prev 1  Next (7,0x55dd7c92d7c0,0,3,32,,)
Super Layer 4 IO layer 4 Prev 6  Next 
Super Layer 5 IO layer 5 Prev 7  Next 
Super Layer 6 phy layer 0 layer 0 Prev 2  Next (4,0x55dd7c92baa0,0,0,0,,)
Super Layer 7 phy layer 1 layer 0 Prev 3  Next (5,0x55dd7c92c310,0,0,1,,)
Super Layer 8 Prev  Next 
Super Layer 9 Prev  Next 
Super Layer 10 Prev  Next 
Super Layer 11 Prev  Next 
Super Layer 12 Prev  Next 
Super Layer 13 Prev  Next 
Super Layer 14 Prev  Next 
Super Layer 15 Prev  Next 
Super Layer 16 Prev  Next 
Super Layer 17 Prev  Next 
Super Layer 18 Prev  Next 
Super Layer 19 Prev  Next 
Super Layer 20 Prev  Next 
Super Layer 21 Prev  Next 
Super Layer 22 Prev  Next 
Super Layer 23 Prev  Next 
Super Layer 24 Prev  Next 
Super Layer 25 Prev  Next 
Super Layer 26 Prev  Next 
Super Layer 27 Prev  Next 
Super Layer 28 Prev  Next 
Super Layer 29 Prev  Next 
Super Layer 30 Prev  Next 
Super Layer 31 Prev  Next 
Super Layer 32 Prev  Next 
Super Layer 33 Prev  Next 
Super Layer 34 Prev  Next 
Super Layer 35 Prev  Next 
Super Layer 36 Prev  Next 
Super Layer 37 Prev  Next 
Super Layer 38 Prev  Next 
Super Layer 39 Prev  Next 
Super Layer 40 Prev  Next 
Super Layer 41 Prev  Next 
Super Layer 42 Prev  Next 
Super Layer 43 Prev  Next 
Super Layer 44 Prev  Next 
Super Layer 45 Prev  Next 
Super Layer 46 Prev  Next 
Super Layer 47 Prev  Next 
Super Layer 48 Prev  Next 
Super Layer 49 Prev  Next 
Super Layer 50 Prev  Next 
Super Layer 51 Prev  Next 
Super Layer 52 Prev  Next 
Super Layer 53 Prev  Next 
Super Layer 54 Prev  Next 
Super Layer 55 Prev  Next 
Super Layer 56 Prev  Next 
Super Layer 57 Prev  Next 
Super Layer 58 Prev  Next 
Super Layer 59 Prev  Next 
Super Layer 60 Prev  Next 
Super Layer 61 Prev  Next 
Super Layer 62 Prev  Next 
Super Layer 63 Prev  Next 
Super Layer 64 Prev  Next 
Super Layer 65 Prev  Next 
Super Layer 66 Prev  Next 
Super Layer 67 Prev  Next 
Super Layer 68 Prev  Next 
Super Layer 69 Prev  Next 
Super Layer 70 Prev  Next 
Super Layer 71 Prev  Next 
Super Layer 72 Prev  Next 
Super Layer 73 Prev  Next 
Super Layer 74 Prev  Next 
Super Layer 75 Prev  Next 
Super Layer 76 Prev  Next 
Super Layer 77 Prev  Next 
Super Layer 78 Prev  Next 
Super Layer 79 Prev  Next 
Super Layer 80 Prev  Next 
Super Layer 81 Prev  Next 
Super Layer 82 Prev  Next 
Super Layer 83 Prev  Next 
Super Layer 84 Prev  Next 
Super Layer 85 Prev  Next 
Super Layer 86 Prev  Next 
Super Layer 87 Prev  Next 
Super Layer 88 Prev  Next 
Super Layer 89 Prev  Next 
Super Layer 90 Prev  Next 
Super Layer 91 Prev  Next 
Super Layer 92 Prev  Next 
Super Layer 93 Prev  Next 
Super Layer 94 Prev  Next 
Super Layer 95 Prev  Next 
Super Layer 96 Prev  Next 
Super Layer 97 Prev  Next 
Super Layer 98 Prev  Next 
Super Layer 99 Prev  Next 
Super Layer 100 Prev  Next 
Super Layer 101 Prev  Next 
Super Layer 102 Prev  Next 
Super Layer 103 Prev  Next 
Super Layer 104 Prev  Next 
Super Layer 105 Prev  Next 
Super Layer 106 Prev  Next 
Super Layer 107 Prev  Next 
Super Layer 108 Prev  Next 
Super Layer 109 Prev  Next 
Super Layer 110 Prev  Next 
Super Layer 111 Prev  Next 
Super Layer 112 Prev  Next 
Super Layer 113 Prev  Next 
Super Layer 114 Prev  Next 
Super Layer 115 Prev  Next 
Super Layer 116 Prev  Next 
Super Layer 117 Prev  Next 
Super Layer 118 Prev  Next 
Super Layer 119 Prev  Next 
Super Layer 120 Prev  Next 
Super Layer 121 Prev  Next 
Super Layer 122 Prev  Next 
Super Layer 123 Prev  Next 
Super Layer 124 Prev  Next 
Super Layer 125 Prev  Next 
Super Layer 126 Prev  Next 
Super Layer 127 Prev  Next 
Super Layer 128 Prev  Next 
Super Layer 129 Prev  Next 
Super Layer 130 Prev  Next 
Super Layer 131 Prev  Next 
Super Layer 132 Prev  Next 
Super Layer 133 Prev  Next 
Super Layer 134 Prev  Next 
Super Layer 135 Prev  Next 
Super Layer 136 Prev  Next 
Super Layer 137 Prev  Next 
Super Layer 138 Prev  Next 
Super Layer 139 Prev  Next 
Super Layer 140 Prev  Next 
Super Layer 141 Prev  Next 
Super Layer 142 Prev  Next 
Super Layer 143 Prev  Next 
Super Layer 144 Prev  Next 
Super Layer 145 Prev  Next 
Super Layer 146 Prev  Next 
Super Layer 147 Prev  Next 
Super Layer 148 Prev  Next 
Super Layer 149 Prev  Next 
Super Layer 150 Prev  Next 
Super Layer 151 Prev  Next 
Super Layer 152 Prev  Next 
Super Layer 153 Prev  Next 
Super Layer 154 Prev  Next 
Super Layer 155 Prev  Next 
Super Layer 156 Prev  Next 
Super Layer 157 Prev  Next 
Super Layer 158 Prev  Next 
Super Layer 159 Prev  Next 
Super Layer 160 Prev  Next 
Super Layer 161 Prev  Next 
Super Layer 162 Prev  Next 
Super Layer 163 Prev  Next 
Super Layer 164 Prev  Next 
Super Layer 165 Prev  Next 
Super Layer 166 Prev  Next 
Super Layer 167 Prev  Next 
Super Layer 168 Prev  Next 
Super Layer 169 Prev  Next 
Super Layer 170 Prev  Next 
Super Layer 171 Prev  Next 
Super Layer 172 Prev  Next 
Super Layer 173 Prev  Next 
Super Layer 174 Prev  Next 
Super Layer 175 Prev  Next 
Super Layer 176 Prev  Next 
Super Layer 177 Prev  Next 
Super Layer 178 Prev  Next 
Super Layer 179 Prev  Next 
Super Layer 180 Prev  Next 
Super Layer 181 Prev  Next 
Super Layer 182 Prev  Next 
Super Layer 183 Prev  Next 
Super Layer 184 Prev  Next 
Super Layer 185 Prev  Next 
Super Layer 186 Prev  Next 
Super Layer 187 Prev  Next 
Super Layer 188 Prev  Next 
Super Layer 189 Prev  Next 
Super Layer 190 Prev  Next 
Super Layer 191 Prev  Next 
Super Layer 192 Prev  Next 
Super Layer 193 Prev  Next 
Super Layer 194 Prev  Next 
Super Layer 195 Prev  Next 
Super Layer 196 Prev  Next 
Super Layer 197 Prev  Next 
Super Layer 198 Prev  Next 
Super Layer 199 Prev  Next 
Super Layer 200 Prev  Next 
Super Layer 201 Prev  Next 
Super Layer 202 Prev  Next 
Super Layer 203 Prev  Next 
Super Layer 204 Prev  Next 
Super Layer 205 Prev  Next 
Super Layer 206 Prev  Next 
Super Layer 207 Prev  Next 
Super Layer 208 Prev  Next 
Super Layer 209 Prev  Next 
Super Layer 210 Prev  Next 
Super Layer 211 Prev  Next 
Super Layer 212 Prev  Next 
Super Layer 213 Prev  Next 
Super Layer 214 Prev  Next 
Super Layer 215 Prev  Next 
Super Layer 216 Prev  Next 
Super Layer 217 Prev  Next 
Super Layer 218 Prev  Next 
Super Layer 219 Prev  Next 
Super Layer 220 Prev  Next 
Super Layer 221 Prev  Next 
Super Layer 222 Prev  Next 
Super Layer 223 Prev  Next 
Super Layer 224 Prev  Next 
Super Layer 225 Prev  Next 
Super Layer 226 Prev  Next 
Super Layer 227 Prev  Next 
Super Layer 228 Prev  Next 
Super Layer 229 Prev  Next 
Super Layer 230 Prev  Next 
Super Layer 231 Prev  Next 
Super Layer 232 Prev  Next 
Super Layer 233 Prev  Next 
Super Layer 234 Prev  Next 
Super Layer 235 Prev  Next 
Super Layer 236 Prev  Next 
Super Layer 237 Prev  Next 
Super Layer 238 Prev  Next 
Super Layer 239 Prev  Next 
Super Layer 240 Prev  Next 
Super Layer 241 Prev  Next 
Super Layer 242 Prev  Next 
Super Layer 243 Prev  Next 
Super Layer 244 Prev  Next 
Super Layer 245 Prev  Next 
Super Layer 246 Prev  Next 
Super Layer 247 Prev  Next 
Super Layer 248 Prev  Next 
Super Layer 249 Prev  Next 
Super Layer 250 Prev  Next 
Super Layer 251 Prev  Next 
Super Layer 252 Prev  Next 
Super Layer 253 Prev  Next 
Super Layer 254 Prev  Next 
Super Layer 255 Prev  Next 
Super Layer 0 IO layer 0 Prev  Next (2,0x55dd7c921a40,0,0,32,,)
Super Layer 1 IO layer 1 Prev  Next (3,0x55dd7c92b600,0,1,32,,)
Super Layer 2 IO layer 2 Prev 0  Next (6,0x55dd7c92ceb0,0,2,32,,)
Super Layer 3 IO layer 3 Prev 1  Next (7,0x55dd7c92d7c0,0,3,32,,)
Super Layer 4 IO layer 4 Prev 6  Next 
Super Layer 5 IO layer 5 Prev 7  Next 
Super Layer 6 phy layer 0 layer 0 Prev 2  Next (4,0x55dd7c92baa0,0,0,0,,)
Super Layer 7 phy layer 1 layer 0 Prev 3  Next (5,0x55dd7c92c310,0,0,1,,)
Super Layer 8 Prev  Next 
Super Layer 9 Prev  Next 
Super Layer 10 Prev  Next 
Super Layer 11 Prev  Next 
Super Layer 12 Prev  Next 
Super Layer 13 Prev  Next 
Super Layer 14 Prev  Next 
Super Layer 15 Prev  Next 
Super Layer 16 Prev  Next 
Super Layer 17 Prev  Next 
Super Layer 18 Prev  Next 
Super Layer 19 Prev  Next 
Super Layer 20 Prev  Next 
Super Layer 21 Prev  Next 
Super Layer 22 Prev  Next 
Super Layer 23 Prev  Next 
Super Layer 24 Prev  Next 
Super Layer 25 Prev  Next 
Super Layer 26 Prev  Next 
Super Layer 27 Prev  Next 
Super Layer 28 Prev  Next 
Super Layer 29 Prev  Next 
Super Layer 30 Prev  Next 
Super Layer 31 Prev  Next 
Super Layer 32 Prev  Next 
Super Layer 33 Prev  Next 
Super Layer 34 Prev  Next 
Super Layer 35 Prev  Next 
Super Layer 36 Prev  Next 
Super Layer 37 Prev  Next 
Super Layer 38 Prev  Next 
Super Layer 39 Prev  Next 
Super Layer 40 Prev  Next 
Super Layer 41 Prev  Next 
Super Layer 42 Prev  Next 
Super Layer 43 Prev  Next 
Super Layer 44 Prev  Next 
Super Layer 45 Prev  Next 
Super Layer 46 Prev  Next 
Super Layer 47 Prev  Next 
Super Layer 48 Prev  Next 
Super Layer 49 Prev  Next 
Super Layer 50 Prev  Next 
Super Layer 51 Prev  Next 
Super Layer 52 Prev  Next 
Super Layer 53 Prev  Next 
Super Layer 54 Prev  Next 
Super Layer 55 Prev  Next 
Super Layer 56 Prev  Next 
Super Layer 57 Prev  Next 
Super Layer 58 Prev  Next 
Super Layer 59 Prev  Next 
Super Layer 60 Prev  Next 
Super Layer 61 Prev  Next 
Super Layer 62 Prev  Next 
Super Layer 63 Prev  Next 
Super Layer 64 Prev  Next 
Super Layer 65 Prev  Next 
Super Layer 66 Prev  Next 
Super Layer 67 Prev  Next 
Super Layer 68 Prev  Next 
Super Layer 69 Prev  Next 
Super Layer 70 Prev  Next 
Super Layer 71 Prev  Next 
Super Layer 72 Prev  Next 
Super Layer 73 Prev  Next 
Super Layer 74 Prev  Next 
Super Layer 75 Prev  Next 
Super Layer 76 Prev  Next 
Super Layer 77 Prev  Next 
Super Layer 78 Prev  Next 
Super Layer 79 Prev  Next 
Super Layer 80 Prev  Next 
Super Layer 81 Prev  Next 
Super Layer 82 Prev  Next 
Super Layer 83 Prev  Next 
Super Layer 84 Prev  Next 
Super Layer 85 Prev  Next 
Super Layer 86 Prev  Next 
Super Layer 87 Prev  Next 
Super Layer 88 Prev  Next 
Super Layer 89 Prev  Next 
Super Layer 90 Prev  Next 
Super Layer 91 Prev  Next 
Super Layer 92 Prev  Next 
Super Layer 93 Prev  Next 
Super Layer 94 Prev  Next 
Super Layer 95 Prev  Next 
Super Layer 96 Prev  Next 
Super Layer 97 Prev  Next 
Super Layer 98 Prev  Next 
Super Layer 99 Prev  Next 
Super Layer 100 Prev  Next 
Super Layer 101 Prev  Next 
Super Layer 102 Prev  Next 
Super Layer 103 Prev  Next 
Super Layer 104 Prev  Next 
Super Layer 105 Prev  Next 
Super Layer 106 Prev  Next 
Super Layer 107 Prev  Next 
Super Layer 108 Prev  Next 
Super Layer 109 Prev  Next 
Super Layer 110 Prev  Next 
Super Layer 111 Prev  Next 
Super Layer 112 Prev  Next 
Super Layer 113 Prev  Next 
Super Layer 114 Prev  Next 
Super Layer 115 Prev  Next 
Super Layer 116 Prev  Next 
Super Layer 117 Prev  Next 
Super Layer 118 Prev  Next 
Super Layer 119 Prev  Next 
Super Layer 120 Prev  Next 
Super Layer 121 Prev  Next 
Super Layer 122 Prev  Next 
Super Layer 123 Prev  Next 
Super Layer 124 Prev  Next 
Super Layer 125 Prev  Next 
Super Layer 126 Prev  Next 
Super Layer 127 Prev  Next 
Super Layer 128 Prev  Next 
Super Layer 129 Prev  Next 
Super Layer 130 Prev  Next 
Super Layer 131 Prev  Next 
Super Layer 132 Prev  Next 
Super Layer 133 Prev  Next 
Super Layer 134 Prev  Next 
Super Layer 135 Prev  Next 
Super Layer 136 Prev  Next 
Super Layer 137 Prev  Next 
Super Layer 138 Prev  Next 
Super Layer 139 Prev  Next 
Super Layer 140 Prev  Next 
Super Layer 141 Prev  Next 
Super Layer 142 Prev  Next 
Super Layer 143 Prev  Next 
Super Layer 144 Prev  Next 
Super Layer 145 Prev  Next 
Super Layer 146 Prev  Next 
Super Layer 147 Prev  Next 
Super Layer 148 Prev  Next 
Super Layer 149 Prev  Next 
Super Layer 150 Prev  Next 
Super Layer 151 Prev  Next 
Super Layer 152 Prev  Next 
Super Layer 153 Prev  Next 
Super Layer 154 Prev  Next 
Super Layer 155 Prev  Next 
Super Layer 156 Prev  Next 
Super Layer 157 Prev  Next 
Super Layer 158 Prev  Next 
Super Layer 159 Prev  Next 
Super Layer 160 Prev  Next 
Super Layer 161 Prev  Next 
Super Layer 162 Prev  Next 
Super Layer 163 Prev  Next 
Super Layer 164 Prev  Next 
Super Layer 165 Prev  Next 
Super Layer 166 Prev  Next 
Super Layer 167 Prev  Next 
Super Layer 168 Prev  Next 
Super Layer 169 Prev  Next 
Super Layer 170 Prev  Next 
Super Layer 171 Prev  Next 
Super Layer 172 Prev  Next 
Super Layer 173 Prev  Next 
Super Layer 174 Prev  Next 
Super Layer 175 Prev  Next 
Super Layer 176 Prev  Next 
Super Layer 177 Prev  Next 
Super Layer 178 Prev  Next 
Super Layer 179 Prev  Next 
Super Layer 180 Prev  Next 
Super Layer 181 Prev  Next 
Super Layer 182 Prev  Next 
Super Layer 183 Prev  Next 
Super Layer 184 Prev  Next 
Super Layer 185 Prev  Next 
Super Layer 186 Prev  Next 
Super Layer 187 Prev  Next 
Super Layer 188 Prev  Next 
Super Layer 189 Prev  Next 
Super Layer 190 Prev  Next 
Super Layer 191 Prev  Next 
Super Layer 192 Prev  Next 
Super Layer 193 Prev  Next 
Super Layer 194 Prev  Next 
Super Layer 195 Prev  Next 
Super Layer 196 Prev  Next 
Super Layer 197 Prev  Next 
Super Layer 198 Prev  Next 
Super Layer 199 Prev  Next 
Super Layer 200 Prev  Next 
Super Layer 201 Prev  Next 
Super Layer 202 Prev  Next 
Super Layer 203 Prev  Next 
Super Layer 204 Prev  Next 
Super Layer 205 Prev  Next 
Super Layer 206 Prev  Next 
Super Layer 207 Prev  Next 
Super Layer 208 Prev  Next 
Super Layer 209 Prev  Next 
Super Layer 210 Prev  Next 
Super Layer 211 Prev  Next 
Super Layer 212 Prev  Next 
Super Layer 213 Prev  Next 
Super Layer 214 Prev  Next 
Super Layer 215 Prev  Next 
Super Layer 216 Prev  Next 
Super Layer 217 Prev  Next 
Super Layer 218 Prev  Next 
Super Layer 219 Prev  Next 
Super Layer 220 Prev  Next 
Super Layer 221 Prev  Next 
Super Layer 222 Prev  Next 
Super Layer 223 Prev  Next 
Super Layer 224 Prev  Next 
Super Layer 225 Prev  Next 
Super Layer 226 Prev  Next 
Super Layer 227 Prev  Next 
Super Layer 228 Prev  Next 
Super Layer 229 Prev  Next 
Super Layer 230 Prev  Next 
Super Layer 231 Prev  Next 
Super Layer 232 Prev  Next 
Super Layer 233 Prev  Next 
Super Layer 234 Prev  Next 
Super Layer 235 Prev  Next 
Super Layer 236 Prev  Next 
Super Layer 237 Prev  Next 
Super Layer 238 Prev  Next 
Super Layer 239 Prev  Next 
Super Layer 240 Prev  Next 
Super Layer 241 Prev  Next 
Super Layer 242 Prev  Next 
Super Layer 243 Prev  Next 
Super Layer 244 Prev  Next 
Super Layer 245 Prev  Next 
Super Layer 246 Prev  Next 
Super Layer 247 Prev  Next 
Super Layer 248 Prev  Next 
Super Layer 249 Prev  Next 
Super Layer 250 Prev  Next 
Super Layer 251 Prev  Next 
Super Layer 252 Prev  Next 
Super Layer 253 Prev  Next 
Super Layer 254 Prev  Next 
Super Layer 255 Prev  Next 
Super Layer 0 IO layer 0 Prev  Next (2,0x55dd7c921a40,0,0,32,,)
Super Layer 1 IO layer 1 Prev  Next (3,0x55dd7c92b600,0,1,32,,)
Super Layer 2 IO layer 2 Prev 0  Next (6,0x55dd7c92ceb0,0,2,32,,)
Super Layer 3 IO layer 3 Prev 1  Next (7,0x55dd7c92d7c0,0,3,32,,)
Super Layer 4 IO layer 4 Prev 6  Next 
Super Layer 5 IO layer 5 Prev 7  Next 
Super Layer 6 phy layer 0 layer 0 Prev 2  Next (4,0x55dd7c92baa0,0,0,0,,)
Super Layer 7 phy layer 1 layer 0 Prev 3  Next (5,0x55dd7c92c310,0,0,1,,)
Super Layer 8 Prev  Next 
Super Layer 9 Prev  Next 
Super Layer 10 Prev  Next 
Super Layer 11 Prev  Next 
Super Layer 12 Prev  Next 
Super Layer 13 Prev  Next 
Super Layer 14 Prev  Next 
Super Layer 15 Prev  Next 
Super Layer 16 Prev  Next 
Super Layer 17 Prev  Next 
Super Layer 18 Prev  Next 
Super Layer 19 Prev  Next 
Super Layer 20 Prev  Next 
Super Layer 21 Prev  Next 
Super Layer 22 Prev  Next 
Super Layer 23 Prev  Next 
Super Layer 24 Prev  Next 
Super Layer 25 Prev  Next 
Super Layer 26 Prev  Next 
Super Layer 27 Prev  Next 
Super Layer 28 Prev  Next 
Super Layer 29 Prev  Next 
Super Layer 30 Prev  Next 
Super Layer 31 Prev  Next 
Super Layer 32 Prev  Next 
Super Layer 33 Prev  Next 
Super Layer 34 Prev  Next 
Super Layer 35 Prev  Next 
Super Layer 36 Prev  Next 
Super Layer 37 Prev  Next 
Super Layer 38 Prev  Next 
Super Layer 39 Prev  Next 
Super Layer 40 Prev  Next 
Super Layer 41 Prev  Next 
Super Layer 42 Prev  Next 
Super Layer 43 Prev  Next 
Super Layer 44 Prev  Next 
Super Layer 45 Prev  Next 
Super Layer 46 Prev  Next 
Super Layer 47 Prev  Next 
Super Layer 48 Prev  Next 
Super Layer 49 Prev  Next 
Super Layer 50 Prev  Next 
Super Layer 51 Prev  Next 
Super Layer 52 Prev  Next 
Super Layer 53 Prev  Next 
Super Layer 54 Prev  Next 
Super Layer 55 Prev  Next 
Super Layer 56 Prev  Next 
Super Layer 57 Prev  Next 
Super Layer 58 Prev  Next 
Super Layer 59 Prev  Next 
Super Layer 60 Prev  Next 
Super Layer 61 Prev  Next 
Super Layer 62 Prev  Next 
Super Layer 63 Prev  Next 
Super Layer 64 Prev  Next 
Super Layer 65 Prev  Next 
Super Layer 66 Prev  Next 
Super Layer 67 Prev  Next 
Super Layer 68 Prev  Next 
Super Layer 69 Prev  Next 
Super Layer 70 Prev  Next 
Super Layer 71 Prev  Next 
Super Layer 72 Prev  Next 
Super Layer 73 Prev  Next 
Super Layer 74 Prev  Next 
Super Layer 75 Prev  Next 
Super Layer 76 Prev  Next 
Super Layer 77 Prev  Next 
Super Layer 78 Prev  Next 
Super Layer 79 Prev  Next 
Super Layer 80 Prev  Next 
Super Layer 81 Prev  Next 
Super Layer 82 Prev  Next 
Super Layer 83 Prev  Next 
Super Layer 84 Prev  Next 
Super Layer 85 Prev  Next 
Super Layer 86 Prev  Next 
Super Layer 87 Prev  Next 
Super Layer 88 Prev  Next 
Super Layer 89 Prev  Next 
Super Layer 90 Prev  Next 
Super Layer 91 Prev  Next 
Super Layer 92 Prev  Next 
Super Layer 93 Prev  Next 
Super Layer 94 Prev  Next 
Super Layer 95 Prev  Next 
Super Layer 96 Prev  Next 
Super Layer 97 Prev  Next 
Super Layer 98 Prev  Next 
Super Layer 99 Prev  Next 
Super Layer 100 Prev  Next 
Super Layer 101 Prev  Next 
Super Layer 102 Prev  Next 
Super Layer 103 Prev  Next 
Super Layer 104 Prev  Next 
Super Layer 105 Prev  Next 
Super Layer 106 Prev  Next 
Super Layer 107 Prev  Next 
Super Layer 108 Prev  Next 
Super Layer 109 Prev  Next 
Super Layer 110 Prev  Next 
Super Layer 111 Prev  Next 
Super Layer 112 Prev  Next 
Super Layer 113 Prev  Next 
Super Layer 114 Prev  Next 
Super Layer 115 Prev  Next 
Super Layer 116 Prev  Next 
Super Layer 117 Prev  Next 
Super Layer 118 Prev  Next 
Super Layer 119 Prev  Next 
Super Layer 120 Prev  Next 
Super Layer 121 Prev  Next 
Super Layer 122 Prev  Next 
Super Layer 123 Prev  Next 
Super Layer 124 Prev  Next 
Super Layer 125 Prev  Next 
Super Layer 126 Prev  Next 
Super Layer 127 Prev  Next 
Super Layer 128 Prev  Next 
Super Layer 129 Prev  Next 
Super Layer 130 Prev  Next 
Super Layer 131 Prev  Next 
Super Layer 132 Prev  Next 
Super Layer 133 Prev  Next 
Super Layer 134 Prev  Next 
Super Layer 135 Prev  Next 
Super Layer 136 Prev  Next 
Super Layer 137 Prev  Next 
Super Layer 138 Prev  Next 
Super Layer 139 Prev  Next 
Super Layer 140 Prev  Next 
Super Layer 141 Prev  Next 
Super Layer 142 Prev  Next 
Super Layer 143 Prev  Next 
Super Layer 144 Prev  Next 
Super Layer 145 Prev  Next 
Super Layer 146 Prev  Next 
Super Layer 147 Prev  Next 
Super Layer 148 Prev  Next 
Super Layer 149 Prev  Next 
Super Layer 150 Prev  Next 
Super Layer 151 Prev  Next 
Super Layer 152 Prev  Next 
Super Layer 153 Prev  Next 
Super Layer 154 Prev  Next 
Super Layer 155 Prev  Next 
Super Layer 156 Prev  Next 
Super Layer 157 Prev  Next 
Super Layer 158 Prev  Next 
Super Layer 159 Prev  Next 
Super Layer 160 Prev  Next 
Super Layer 161 Prev  Next 
Super Layer 162 Prev  Next 
Super Layer 163 Prev  Next 
Super Layer 164 Prev  Next 
Super Layer 165 Prev  Next 
Super Layer 166 Prev  Next 
Super Layer 167 Prev  Next 
Super Layer 168 Prev  Next 
Super Layer 169 Prev  Next 
Super Layer 170 Prev  Next 
Super Layer 171 Prev  Next 
Super Layer 172 Prev  Next 
Super Layer 173 Prev  Next 
Super Layer 174 Prev  Next 
Super Layer 175 Prev  Next 
Super Layer 176 Prev  Next 
Super Layer 177 Prev  Next 
Super Layer 178 Prev  Next 
Super Layer 179 Prev  Next 
Super Layer 180 Prev  Next 
Super Layer 181 Prev  Next 
Super Layer 182 Prev  Next 
Super Layer 183 Prev  Next 
Super Layer 184 Prev  Next 
Super Layer 185 Prev  Next 
Super Layer 186 Prev  Next 
Super Layer 187 Prev  Next 
Super Layer 188 Prev  Next 
Super Layer 189 Prev  Next 
Super Layer 190 Prev  Next 
Super Layer 191 Prev  Next 
Super Layer 192 Prev  Next 
Super Layer 193 Prev  Next 
Super Layer 194 Prev  Next 
Super Layer 195 Prev  Next 
Super Layer 196 Prev  Next 
Super Layer 197 Prev  Next 
Super Layer 198 Prev  Next 
Super Layer 199 Prev  Next 
Super Layer 200 Prev  Next 
Super Layer 201 Prev  Next 
Super Layer 202 Prev  Next 
Super Layer 203 Prev  Next 
Super Layer 204 Prev  Next 
Super Layer 205 Prev  Next 
Super Layer 206 Prev  Next 
Super Layer 207 Prev  Next 
Super Layer 208 Prev  Next 
Super Layer 209 Prev  Next 
Super Layer 210 Prev  Next 
Super Layer 211 Prev  Next 
Super Layer 212 Prev  Next 
Super Layer 213 Prev  Next 
Super Layer 214 Prev  Next 
Super Layer 215 Prev  Next 
Super Layer 216 Prev  Next 
Super Layer 217 Prev  Next 
Super Layer 218 Prev  Next 
Super Layer 219 Prev  Next 
Super Layer 220 Prev  Next 
Super Layer 221 Prev  Next 
Super Layer 222 Prev  Next 
Super Layer 223 Prev  Next 
Super Layer 224 Prev  Next 
Super Layer 225 Prev  Next 
Super Layer 226 Prev  Next 
Super Layer 227 Prev  Next 
Super Layer 228 Prev  Next 
Super Layer 229 Prev  Next 
Super Layer 230 Prev  Next 
Super Layer 231 Prev  Next 
Super Layer 232 Prev  Next 
Super Layer 233 Prev  Next 
Super Layer 234 Prev  Next 
Super Layer 235 Prev  Next 
Super Layer 236 Prev  Next 
Super Layer 237 Prev  Next 
Super Layer 238 Prev  Next 
Super Layer 239 Prev  Next 
Super Layer 240 Prev  Next 
Super Layer 241 Prev  Next 
Super Layer 242 Prev  Next 
Super Layer 243 Prev  Next 
Super Layer 244 Prev  Next 
Super Layer 245 Prev  Next 
Super Layer 246 Prev  Next 
Super Layer 247 Prev  Next 
Super Layer 248 Prev  Next 
Super Layer 249 Prev  Next 
Super Layer 250 Prev  Next 
Super Layer 251 Prev  Next 
Super Layer 252 Prev  Next 
Super Layer 253 Prev  Next 
Super Layer 254 Prev  Next 
Super Layer 255 Prev  Next 
Super Layer 0 IO layer 0 Prev  Next (2,0x55dd7c921a40,0,0,32,,)
Super Layer 1 IO layer 1 Prev  Next (3,0x55dd7c92b600,0,1,32,,)
Super Layer 2 IO layer 2 Prev 0  Next (6,0x55dd7c92ceb0,0,2,32,,)
Super Layer 3 IO layer 3 Prev 1  Next (7,0x55dd7c92d7c0,0,3,32,,)
Super Layer 4 IO layer 4 Prev 6  Next 
Super Layer 5 IO layer 5 Prev 7  Next 
Super Layer 6 phy layer 0 layer 0 Prev 2  Next (4,0x55dd7c92baa0,0,0,0,,)
Super Layer 7 phy layer 1 layer 0 Prev 3  Next (5,0x55dd7c92c310,0,0,1,,)
Super Layer 8 Prev  Next 
Super Layer 9 Prev  Next 
Super Layer 10 Prev  Next 
Super Layer 11 Prev  Next 
Super Layer 12 Prev  Next 
Super Layer 13 Prev  Next 
Super Layer 14 Prev  Next 
Super Layer 15 Prev  Next 
Super Layer 16 Prev  Next 
Super Layer 17 Prev  Next 
Super Layer 18 Prev  Next 
Super Layer 19 Prev  Next 
Super Layer 20 Prev  Next 
Super Layer 21 Prev  Next 
Super Layer 22 Prev  Next 
Super Layer 23 Prev  Next 
Super Layer 24 Prev  Next 
Super Layer 25 Prev  Next 
Super Layer 26 Prev  Next 
Super Layer 27 Prev  Next 
Super Layer 28 Prev  Next 
Super Layer 29 Prev  Next 
Super Layer 30 Prev  Next 
Super Layer 31 Prev  Next 
Super Layer 32 Prev  Next 
Super Layer 33 Prev  Next 
Super Layer 34 Prev  Next 
Super Layer 35 Prev  Next 
Super Layer 36 Prev  Next 
Super Layer 37 Prev  Next 
Super Layer 38 Prev  Next 
Super Layer 39 Prev  Next 
Super Layer 40 Prev  Next 
Super Layer 41 Prev  Next 
Super Layer 42 Prev  Next 
Super Layer 43 Prev  Next 
Super Layer 44 Prev  Next 
Super Layer 45 Prev  Next 
Super Layer 46 Prev  Next 
Super Layer 47 Prev  Next 
Super Layer 48 Prev  Next 
Super Layer 49 Prev  Next 
Super Layer 50 Prev  Next 
Super Layer 51 Prev  Next 
Super Layer 52 Prev  Next 
Super Layer 53 Prev  Next 
Super Layer 54 Prev  Next 
Super Layer 55 Prev  Next 
Super Layer 56 Prev  Next 
Super Layer 57 Prev  Next 
Super Layer 58 Prev  Next 
Super Layer 59 Prev  Next 
Super Layer 60 Prev  Next 
Super Layer 61 Prev  Next 
Super Layer 62 Prev  Next 
Super Layer 63 Prev  Next 
Super Layer 64 Prev  Next 
Super Layer 65 Prev  Next 
Super Layer 66 Prev  Next 
Super Layer 67 Prev  Next 
Super Layer 68 Prev  Next 
Super Layer 69 Prev  Next 
Super Layer 70 Prev  Next 
Super Layer 71 Prev  Next 
Super Layer 72 Prev  Next 
Super Layer 73 Prev  Next 
Super Layer 74 Prev  Next 
Super Layer 75 Prev  Next 
Super Layer 76 Prev  Next 
Super Layer 77 Prev  Next 
Super Layer 78 Prev  Next 
Super Layer 79 Prev  Next 
Super Layer 80 Prev  Next 
Super Layer 81 Prev  Next 
Super Layer 82 Prev  Next 
Super Layer 83 Prev  Next 
Super Layer 84 Prev  Next 
Super Layer 85 Prev  Next 
Super Layer 86 Prev  Next 
Super Layer 87 Prev  Next 
Super Layer 88 Prev  Next 
Super Layer 89 Prev  Next 
Super Layer 90 Prev  Next 
Super Layer 91 Prev  Next 
Super Layer 92 Prev  Next 
Super Layer 93 Prev  Next 
Super Layer 94 Prev  Next 
Super Layer 95 Prev  Next 
Super Layer 96 Prev  Next 
Super Layer 97 Prev  Next 
Super Layer 98 Prev  Next 
Super Layer 99 Prev  Next 
Super Layer 100 Prev  Next 
Super Layer 101 Prev  Next 
Super Layer 102 Prev  Next 
Super Layer 103 Prev  Next 
Super Layer 104 Prev  Next 
Super Layer 105 Prev  Next 
Super Layer 106 Prev  Next 
Super Layer 107 Prev  Next 
Super Layer 108 Prev  Next 
Super Layer 109 Prev  Next 
Super Layer 110 Prev  Next 
Super Layer 111 Prev  Next 
Super Layer 112 Prev  Next 
Super Layer 113 Prev  Next 
Super Layer 114 Prev  Next 
Super Layer 115 Prev  Next 
Super Layer 116 Prev  Next 
Super Layer 117 Prev  Next 
Super Layer 118 Prev  Next 
Super Layer 119 Prev  Next 
Super Layer 120 Prev  Next 
Super Layer 121 Prev  Next 
Super Layer 122 Prev  Next 
Super Layer 123 Prev  Next 
Super Layer 124 Prev  Next 
Super Layer 125 Prev  Next 
Super Layer 126 Prev  Next 
Super Layer 127 Prev  Next 
Super Layer 128 Prev  Next 
Super Layer 129 Prev  Next 
Super Layer 130 Prev  Next 
Super Layer 131 Prev  Next 
Super Layer 132 Prev  Next 
Super Layer 133 Prev  Next 
Super Layer 134 Prev  Next 
Super Layer 135 Prev  Next 
Super Layer 136 Prev  Next 
Super Layer 137 Prev  Next 
Super Layer 138 Prev  Next 
Super Layer 139 Prev  Next 
Super Layer 140 Prev  Next 
Super Layer 141 Prev  Next 
Super Layer 142 Prev  Next 
Super Layer 143 Prev  Next 
Super Layer 144 Prev  Next 
Super Layer 145 Prev  Next 
Super Layer 146 Prev  Next 
Super Layer 147 Prev  Next 
Super Layer 148 Prev  Next 
Super Layer 149 Prev  Next 
Super Layer 150 Prev  Next 
Super Layer 151 Prev  Next 
Super Layer 152 Prev  Next 
Super Layer 153 Prev  Next 
Super Layer 154 Prev  Next 
Super Layer 155 Prev  Next 
Super Layer 156 Prev  Next 
Super Layer 157 Prev  Next 
Super Layer 158 Prev  Next 
Super Layer 159 Prev  Next 
Super Layer 160 Prev  Next 
Super Layer 161 Prev  Next 
Super Layer 162 Prev  Next 
Super Layer 163 Prev  Next 
Super Layer 164 Prev  Next 
Super Layer 165 Prev  Next 
Super Layer 166 Prev  Next 
Super Layer 167 Prev  Next 
Super Layer 168 Prev  Next 
Super Layer 169 Prev  Next 
Super Layer 170 Prev  Next 
Super Layer 171 Prev  Next 
Super Layer 172 Prev  Next 
Super Layer 173 Prev  Next 
Super Layer 174 Prev  Next 
Super Layer 175 Prev  Next 
Super Layer 176 Prev  Next 
Super Layer 177 Prev  Next 
Super Layer 178 Prev  Next 
Super Layer 179 Prev  Next 
Super Layer 180 Prev  Next 
Super Layer 181 Prev  Next 
Super Layer 182 Prev  Next 
Super Layer 183 Prev  Next 
Super Layer 184 Prev  Next 
Super Layer 185 Prev  Next 
Super Layer 186 Prev  Next 
Super Layer 187 Prev  Next 
Super Layer 188 Prev  Next 
Super Layer 189 Prev  Next 
Super Layer 190 Prev  Next 
Super Layer 191 Prev  Next 
Super Layer 192 Prev  Next 
Super Layer 193 Prev  Next 
Super Layer 194 Prev  Next 
Super Layer 195 Prev  Next 
Super Layer 196 Prev  Next 
Super Layer 197 Prev  Next 
Super Layer 198 Prev  Next 
Super Layer 199 Prev  Next 
Super Layer 200 Prev  Next 
Super Layer 201 Prev  Next 
Super Layer 202 Prev  Next 
Super Layer 203 Prev  Next 
Super Layer 204 Prev  Next 
Super Layer 205 Prev  Next 
Super Layer 206 Prev  Next 
Super Layer 207 Prev  Next 
Super Layer 208 Prev  Next 
Super Layer 209 Prev  Next 
Super Layer 210 Prev  Next 
Super Layer 211 Prev  Next 
Super Layer 212 Prev  Next 
Super Layer 213 Prev  Next 
Super Layer 214 Prev  Next 
Super Layer 215 Prev  Next 
Super Layer 216 Prev  Next 
Super Layer 217 Prev  Next 
Super Layer 218 Prev  Next 
Super Layer 219 Prev  Next 
Super Layer 220 Prev  Next 
Super Layer 221 Prev  Next 
Super Layer 222 Prev  Next 
Super Layer 223 Prev  Next 
Super Layer 224 Prev  Next 
Super Layer 225 Prev  Next 
Super Layer 226 Prev  Next 
Super Layer 227 Prev  Next 
Super Layer 228 Prev  Next 
Super Layer 229 Prev  Next 
Super Layer 230 Prev  Next 
Super Layer 231 Prev  Next 
Super Layer 232 Prev  Next 
Super Layer 233 Prev  Next 
Super Layer 234 Prev  Next 
Super Layer 235 Prev  Next 
Super Layer 236 Prev  Next 
Super Layer 237 Prev  Next 
Super Layer 238 Prev  Next 
Super Layer 239 Prev  Next 
Super Layer 240 Prev  Next 
Super Layer 241 Prev  Next 
Super Layer 242 Prev  Next 
Super Layer 243 Prev  Next 
Super Layer 244 Prev  Next 
Super Layer 245 Prev  Next 
Super Layer 246 Prev  Next 
Super Layer 247 Prev  Next 
Super Layer 248 Prev  Next 
Super Layer 249 Prev  Next 
Super Layer 250 Prev  Next 
Super Layer 251 Prev  Next 
Super Layer 252 Prev  Next 
Super Layer 253 Prev  Next 
Super Layer 254 Prev  Next 
Super Layer 255 Prev  Next 
Super Layer 0 IO layer 0 Prev  Next (2,0x55dd7c921a40,0,0,32,,)
Super Layer 1 IO layer 1 Prev  Next (3,0x55dd7c92b600,0,1,32,,)
Super Layer 2 IO layer 2 Prev 0  Next (6,0x55dd7c92ceb0,0,2,32,,)
Super Layer 3 IO layer 3 Prev 1  Next (7,0x55dd7c92d7c0,0,3,32,,)
Super Layer 4 IO layer 4 Prev 6  Next 
Super Layer 5 IO layer 5 Prev 7  Next 
Super Layer 6 phy layer 0 layer 0 Prev 2  Next (4,0x55dd7c92baa0,0,0,0,,)
Super Layer 7 phy layer 1 layer 0 Prev 3  Next (5,0x55dd7c92c310,0,0,1,,)
Super Layer 8 Prev  Next 
Super Layer 9 Prev  Next 
Super Layer 10 Prev  Next 
Super Layer 11 Prev  Next 
Super Layer 12 Prev  Next 
Super Layer 13 Prev  Next 
Super Layer 14 Prev  Next 
Super Layer 15 Prev  Next 
Super Layer 16 Prev  Next 
Super Layer 17 Prev  Next 
Super Layer 18 Prev  Next 
Super Layer 19 Prev  Next 
Super Layer 20 Prev  Next 
Super Layer 21 Prev  Next 
Super Layer 22 Prev  Next 
Super Layer 23 Prev  Next 
Super Layer 24 Prev  Next 
Super Layer 25 Prev  Next 
Super Layer 26 Prev  Next 
Super Layer 27 Prev  Next 
Super Layer 28 Prev  Next 
Super Layer 29 Prev  Next 
Super Layer 30 Prev  Next 
Super Layer 31 Prev  Next 
Super Layer 32 Prev  Next 
Super Layer 33 Prev  Next 
Super Layer 34 Prev  Next 
Super Layer 35 Prev  Next 
Super Layer 36 Prev  Next 
Super Layer 37 Prev  Next 
Super Layer 38 Prev  Next 
Super Layer 39 Prev  Next 
Super Layer 40 Prev  Next 
Super Layer 41 Prev  Next 
Super Layer 42 Prev  Next 
Super Layer 43 Prev  Next 
Super Layer 44 Prev  Next 
Super Layer 45 Prev  Next 
Super Layer 46 Prev  Next 
Super Layer 47 Prev  Next 
Super Layer 48 Prev  Next 
Super Layer 49 Prev  Next 
Super Layer 50 Prev  Next 
Super Layer 51 Prev  Next 
Super Layer 52 Prev  Next 
Super Layer 53 Prev  Next 
Super Layer 54 Prev  Next 
Super Layer 55 Prev  Next 
Super Layer 56 Prev  Next 
Super Layer 57 Prev  Next 
Super Layer 58 Prev  Next 
Super Layer 59 Prev  Next 
Super Layer 60 Prev  Next 
Super Layer 61 Prev  Next 
Super Layer 62 Prev  Next 
Super Layer 63 Prev  Next 
Sync block 0 layer idx 0 IO  Rowid 32 subidx 0  rowmax 1 rowcount 0 outmax 4 outcount 0 row count 0
 Prev  idx 0 prev recv cntr idx 1

 Next  idx 2 next recv cntr idx 0

Sync block 1 layer idx 1 IO  Rowid 32 subidx 1  rowmax 1 rowcount 0 outmax 4 outcount 0 row count 0
 Prev  idx 1 prev recv cntr idx 1

 Next  idx 3 next recv cntr idx 0

Sync block 2 layer idx 2 IO  Rowid 32 subidx 2  rowmax 1 rowcount 0 outmax 4 outcount 0 row count 0
 Prev  idx 0 prev recv cntr idx 1

 Next  idx 4 next recv cntr idx 0

Sync block 3 layer idx 3 IO  Rowid 32 subidx 3  rowmax 1 rowcount 0 outmax 4 outcount 0 row count 0
 Prev  idx 1 prev recv cntr idx 1

 Next  idx 5 next recv cntr idx 0

Sync block 6 layer idx 6 IO  Rowid 32 subidx 4  rowmax 1 rowcount 0 outmax 15 outcount 0 row count 0
 Prev  idx 4 prev recv cntr idx 0

 Next  idx 2 next recv cntr idx 1

Sync block 7 layer idx 7 IO  Rowid 32 subidx 5  rowmax 1 rowcount 0 outmax 15 outcount 0 row count 0
 Prev  idx 5 prev recv cntr idx 0

 Next  idx 3 next recv cntr idx 1

Sync block 4 layer idx 4 MAC ROW  Rowid 0 subidx 0  rowmax 1 rowcount 0 outmax 4 outcount 0 row count 0
 Prev  idx 2 prev recv cntr idx 1

 Next  idx 6 next recv cntr idx 0

Sync block 5 layer idx 5 MAC ROW  Rowid 1 subidx 0  rowmax 1 rowcount 0 outmax 4 outcount 0 row count 0
 Prev  idx 3 prev recv cntr idx 1

 Next  idx 7 next recv cntr idx 0

Sync block 0 External Input/Output  Rowid 0 subidx 0  rowmax 1 rowcount 0 outmax 15 outcount 0 row count 0
 Prev 
 Next  idx 0 next recv cntr idx 0

Sync block 1 External Input/Output  Rowid 0 subidx 0  rowmax 1 rowcount 0 outmax 15 outcount 0 row count 0
 Prev 
 Next  idx 1 next recv cntr idx 1

Sync block 2 External Input/Output  Rowid 0 subidx 0  rowmax 1 rowcount 0 outmax 15 outcount 0 row count 0
 Prev  idx 6 prev recv cntr idx 0

 Next 
Sync block 3 External Input/Output  Rowid 0 subidx 0  rowmax 1 rowcount 0 outmax 15 outcount 0 row count 0
 Prev  idx 7 prev recv cntr idx 1

 Next 
dlayer 2 idx 0 type 0Mask 3fff
LSRAM 2 idx  
Out Buf Slack phy layer 32 layer   1
dlayer 3 idx 0 type 0Mask 3fff
LSRAM 3 idx  
Out Buf Slack phy layer 32 layer  1
dlayer 4 idx 0 type 0Mask 3fff
LSRAM 4 idx  
Out Buf Slack phy layer 32 layer  1
dlayer 5 idx 0 type 0Mask 3fff
LSRAM 5 idx  
Out Buf Slack phy layer 32 layer  1
Out Buf Slack phy layer 32 layer  1
Out Buf Slack phy layer 32 layer  1
dlayer 6 idx 0 type 0Mask 3fff
LSRAM 6 idx  
Out Buf Slack phy layer 0 layer   1
dlayer 7 idx 0 type 0Mask 3fff
LSRAM 7 idx  
Out Buf Slack phy layer 1 layer   1
Set Layer 0 nrows 3 ncols 4 in filters 3 out filters 0
Using input external for layer 0
dmem invmask ffffc000
Set Layer 1 nrows 3 ncols 3 in filters 3 out filters 0
Using input external for layer 1
dmem invmask ffffc000
Set Layer 2 nrows 3 ncols 4 in filters 3 out filters 0
Set Layer 3 nrows 3 ncols 3 in filters 3 out filters 0
Set Layer 6 nrows 1 ncols 2 in filters 1 out filters 0
Using output external for layer 6
smem invmask 0xffffc000
Set Layer 7 nrows 1 ncols 1 in filters 1 out filters 0
Using output external for layer 7
smem invmask 0xffffc000
Set Layer 4 nrows 3 ncols 4 in filters 3 out filters 1
 Using single tfr: layer 4
Layer 4 firstsec 0 nsects 3
 Using output blk tfr. MAC_CMD_FIFO data for simd programming: layer 4idx 0 dest_entry.size() 1
 Alloc 0 len 2
Dest entry 0 xbar lengths 2 xb_count_for_dest_entry[de] 1 actual_xb_count_for_dest_entry[de] 1 rptcnt 1 len from prev 0
 xb from prev 0 dest_entry[de]._len 2
colgrp 0 colsign 0 colshift 0
Sync multiplier 1
 BIASSTART FETCH 64 blk 0 _simd_bias_address[blk_id] 0
 BIAS const part 0 variable part 0
 BIAS XBAR i 0 biasstart  BIASSTART FETCH 64 blk 0 _simd_bias_address[blk_id] 0
0
 BIASSTART FETCH 64 blk 0 _simd_bias_address[blk_id] 0
 DE count 1 de 0
Set Layer 5 nrows 3 ncols 3 in filters 3 out filters 1
 Using single tfr: layer 5
Layer 5 firstsec 0 nsects 3
 Using output blk tfr. MAC_CMD_FIFO data for simd programming: layer 5idx 0 dest_entry.size() 1
 Alloc 1 len 1
Dest entry 0 xbar lengths 1 xb_count_for_dest_entry[de] 1 actual_xb_count_for_dest_entry[de] 1 rptcnt 1 len from prev 0
 xb from prev 0 dest_entry[de]._len 1
colgrp 0 colsign 0 colshift 0
Sync multiplier 1
 BIASSTART FETCH c8 blk 1 _simd_bias_address[blk_id] 0
 BIAS const part 200 variable part 0
 BIAS XBAR i 0 biasstart  BIASSTART FETCH c8 blk 1 _simd_bias_address[blk_id] 0
0
 BIASSTART FETCH c8 blk 1 _simd_bias_address[blk_id] 0
 DE count 1 de 0
Clear grps 64 start xbar 0 nxbars 1
Add grp 64 xbar 0 grp 0
Clear grps 64 start xbar 0 nxbars 1
Add grp 64 xbar 0 grp 0
Clear grps c8 start xbar 1 nxbars 1
Add grp c8 xbar 1 grp 1
Clear grps c8 start xbar 1 nxbars 1
Add grp c8 xbar 1 grp 1
Set Out Process reg 2a-->0
Set Out Process reg 30-->3fff
Set Out Process reg 36-->8000
Set Out Process reg 106-->0
Set Out Process reg 112-->16383
Set Out Process reg 118-->49152
Set Out Process reg 170-->0
Set Out Process reg 176-->16383
Set Out Process reg 182-->0
Set Out Process reg 234-->0
Set Out Process reg 240-->16383
Set Out Process reg 246-->0
Set Out Process reg 298-->9453568
Set Out Process reg 304-->4294967295
Set Out Process reg 310-->0
Set Out Process reg 362-->9469952
Set Out Process reg 368-->4294967295
Set Out Process reg 374-->0
Set Out Process reg 42-->0
Set Out Process reg 48-->16383
Set Out Process reg 54-->65536
SIMD Configure layer 4 addr 272 data 0
Set Out Process reg 42-->0
Set Out Process reg 48-->16383
Set Out Process reg 54-->98304
SIMD Configure layer 5 addr 272 data 0
Set Out Process reg 42-->0
Set Out Process reg 48-->16383
Set Out Process reg 54-->65536
SIMD Configure layer 4 addr 272 data 0
Set Out Process reg 42-->0
Set Out Process reg 48-->16383
Set Out Process reg 54-->98304
SIMD Configure layer 5 addr 272 data 0
Set Out Process reg 42-->0
Set Out Process reg 48-->16383
Set Out Process reg 54-->32768
Set Out Process reg 106-->0
Set Out Process reg 112-->16383
Set Out Process reg 118-->49152
Set Out Process reg 170-->0
Set Out Process reg 176-->16383
Set Out Process reg 182-->0
Set Out Process reg 234-->0
Set Out Process reg 240-->16383
Set Out Process reg 246-->0
Set Out Process reg 298-->9453568
Set Out Process reg 304-->4294967295
Set Out Process reg 310-->0
Set Out Process reg 362-->9469952
Set Out Process reg 368-->4294967295
Set Out Process reg 374-->0
Starting Functional Simulator...
Put to sleep 100
Set multicast, id 100 layer 0 dest start 0 curr dest cnt 1
Put to sleep 200
Set multicast, id 200 layer 0 dest start 0 curr dest cnt 1
Set multicast, id 3302 layer 2 dest start 0 curr dest cnt 1
Set multicast, id 3303 layer 3 dest start 0 curr dest cnt 1
Put to sleep output 100
Put to sleep output 200
 Send sync direct next id 0 to id 0 outcount 0 outmax 15
sync incr outbuf rowcount id 0 1
 Send sync direct next id 1 to id 1 outcount 0 outmax 15
sync incr outbuf rowcount id 1 1
sync message recd from prev  id 0 layer 0 msg count 1 incremented row cntr 1
sync message recd from prev  id 1 layer 1 msg count 1 incremented row cntr 1
 external dma transfer : source addr 0 dest addr 0 length 12
 external dma transfer : source addr 0 dest addr 0 length 9
Pop Layer Mem 850 rows 1
pop sync block id 0 layer 0 rowcnt 0
send sync msg prev from 0 to 0
 Send sync next id 0 to id 2 outcount 0 outmax 4
sync incr outbuf rowcount id 0 1
Pop Layer Mem 860 rows 1
pop sync block id 1 layer 1 rowcnt 0
send sync msg prev from 1 to 1
 Send sync next id 1 to id 3 outcount 0 outmax 4
sync incr outbuf rowcount id 1 1
Send sync msg prev from  id 0 layer 0 addr 0 to Input 
 addr 0
Send sync msg prev from  id 1 layer 1 addr 0 to Input 
 addr 0
sync message recd from next  id 0 Input  msg count 1 decremented outbuf cntr 0
Send sync msg next from  to 0 layer 0 addr 0 id 2 to layer 2 addr 0
sync message recd from next  id 1 Input  msg count 1 decremented outbuf cntr 0
sync message recd from prev  id 2 layer 2 msg count 1 incremented row cntr 1
Send sync msg next from  to 1 layer 1 addr 0 id 3 to layer 3 addr 0
 outbuf blk 21 size 12 mac_data_entry._rptcnt 2 mac_data_entry._daddr 0
id 3300 repeatcnt 2 strip_cnt 12 width 8 caddr 0 cnt 0
 GAP Final result 3300 0 1 2 104 105 106 80 81 82 56 57 58 
 GAP ID 3300 val_out 0 addr 0
 GAP ID 3300 val_out 1 addr 1
 GAP ID 3300 val_out 2 addr 2
 GAP ID 3300 val_out 104 addr 3
 GAP ID 3300 val_out 105 addr 4
 GAP ID 3300 val_out 106 addr 5
 GAP ID 3300 val_out 80 addr 6
 GAP ID 3300 val_out 81 addr 7
 GAP ID 3300 val_out 82 addr 8
 GAP ID 3300 val_out 56 addr 9
 GAP ID 3300 val_out 57 addr 10
 GAP ID 3300 val_out 58 addr 11
Gap ID 3300 Done 
Chip 0 Transfer to result ID 3302 size 12  0 1 2 104 105 106 80 81 82 56 57 58
sync incr outbuf rowcount id 2 1
Pop Layer Mem 0 rows 1
 Send sync next id 2 to id 4 outcount 1 outmax 4
pop sync block id 2 layer 2 rowcnt 0
send sync msg prev from 2 to 0
sync message recd from prev  id 3 layer 3 msg count 1 incremented row cntr 1
Transfer to memory layer from layer 2 to layer 4 idx 0 Type 0 from addr 0 len 12 dest addr 0
 ADD TRANSFER here 
 outbuf blk 20 size 9 mac_data_entry._rptcnt 2 mac_data_entry._daddr 0
id 3300 repeatcnt 2 strip_cnt 9 width 8 caddr 0 cnt 0
 GAP Final result 3300 0 1 2 104 105 106 80 81 82 
 GAP ID 3300 val_out 0 addr 0
 GAP ID 3300 val_out 1 addr 1
 GAP ID 3300 val_out 2 addr 2
 GAP ID 3300 val_out 104 addr 3
 GAP ID 3300 val_out 105 addr 4
 GAP ID 3300 val_out 106 addr 5
 GAP ID 3300 val_out 80 addr 6
 GAP ID 3300 val_out 81 addr 7
 GAP ID 3300 val_out 82 addr 8
Gap ID 3300 Done 
Chip 0 Transfer to result ID 3303 size 9  0 1 2 104 105 106 80 81 82
sync incr outbuf rowcount id 3 1
Pop Layer Mem 0 rows 1
 Send sync next id 3 to id 5 outcount 1 outmax 4
pop sync block id 3 layer 3 rowcnt 0
send sync msg prev from 3 to 1
Transfer to memory layer from layer 3 to layer 5 idx 0 Type 0 from addr 0 len 9 dest addr 0
Send sync msg prev from  id 2 layer 2 addr 0 idx 0 to layer 0 addr 0
sync message recd from next  id 0 layer 0 msg count 1 decremented outbuf cntr 0
Send sync msg prev from  id 3 layer 3 addr 0 idx 1 to layer 1 addr 0
sync message recd from next  id 1 layer 1 msg count 1 decremented outbuf cntr 0
Send sync msg next from  to 2 layer 2 addr 0 id 4 to layer 4 addr 0
sync message recd from prev  id 4 layer 4 msg count 1 incremented row cntr 1
Send sync msg next from  to 3 layer 3 addr 0 id 5 to layer 5 addr 0
sync message recd from prev  id 5 layer 5 msg count 1 incremented row cntr 1
 Send sync direct next id 0 to id 0 outcount 0 outmax 15
sync incr outbuf rowcount id 0 1
 Send sync direct next id 1 to id 1 outcount 0 outmax 15
sync incr outbuf rowcount id 1 1
sync message recd from prev  id 0 layer 0 msg count 1 incremented row cntr 1
sync message recd from prev  id 1 layer 1 msg count 1 incremented row cntr 1
 external dma transfer : source addr c dest addr c length 12
 external dma transfer : source addr 9 dest addr 9 length 9
Pop Layer Mem 850 rows 1
pop sync block id 0 layer 0 rowcnt 0
send sync msg prev from 0 to 0
 Send sync next id 0 to id 2 outcount 0 outmax 4
sync incr outbuf rowcount id 0 1
Pop Layer Mem 860 rows 1
pop sync block id 1 layer 1 rowcnt 0
send sync msg prev from 1 to 1
 Send sync next id 1 to id 3 outcount 0 outmax 4
sync incr outbuf rowcount id 1 1
Send sync msg prev from  id 0 layer 0 addr 0 to Input 
 addr 0
Send sync msg prev from  id 1 layer 1 addr 0 to Input 
 addr 0
sync message recd from next  id 0 Input  msg count 1 decremented outbuf cntr 0
Send sync msg next from  to 0 layer 0 addr 0 id 2 to layer 2 addr 0
sync message recd from next  id 1 Input  msg count 1 decremented outbuf cntr 0
sync message recd from prev  id 2 layer 2 msg count 1 incremented row cntr 1
Send sync msg next from  to 1 layer 1 addr 0 id 3 to layer 3 addr 0
 outbuf blk 22 size 12 mac_data_entry._rptcnt 2 mac_data_entry._daddr 0
id 3300 repeatcnt 2 strip_cnt 12 width 8 caddr 0 cnt 0
 GAP Final result 3300 1 2 3 105 106 107 81 82 83 57 58 59 
 GAP ID 3300 val_out 1 addr 0
 GAP ID 3300 val_out 2 addr 1
 GAP ID 3300 val_out 3 addr 2
 GAP ID 3300 val_out 105 addr 3
 GAP ID 3300 val_out 106 addr 4
 GAP ID 3300 val_out 107 addr 5
 GAP ID 3300 val_out 81 addr 6
 GAP ID 3300 val_out 82 addr 7
 GAP ID 3300 val_out 83 addr 8
 GAP ID 3300 val_out 57 addr 9
 GAP ID 3300 val_out 58 addr 10
 GAP ID 3300 val_out 59 addr 11
Gap ID 3300 Done 
Chip 0 Transfer to result ID 3302 size 12  1 2 3 105 106 107 81 82 83 57 58 59
sync incr outbuf rowcount id 2 2
Pop Layer Mem 0 rows 1
 Send sync next id 2 to id 4 outcount 2 outmax 4
pop sync block id 2 layer 2 rowcnt 0
send sync msg prev from 2 to 0
sync message recd from prev  id 3 layer 3 msg count 1 incremented row cntr 1
Transfer to memory layer from layer 2 to layer 4 idx 0 Type 0 from addr 0 len 12 dest addr 12
 ADD TRANSFER here 
 outbuf blk 20 size 9 mac_data_entry._rptcnt 2 mac_data_entry._daddr 0
id 3300 repeatcnt 2 strip_cnt 9 width 8 caddr 0 cnt 0
 GAP Final result 3300 1 2 3 105 106 107 81 82 83 
 GAP ID 3300 val_out 1 addr 0
 GAP ID 3300 val_out 2 addr 1
 GAP ID 3300 val_out 3 addr 2
 GAP ID 3300 val_out 105 addr 3
 GAP ID 3300 val_out 106 addr 4
 GAP ID 3300 val_out 107 addr 5
 GAP ID 3300 val_out 81 addr 6
 GAP ID 3300 val_out 82 addr 7
 GAP ID 3300 val_out 83 addr 8
Gap ID 3300 Done 
Chip 0 Transfer to result ID 3303 size 9  1 2 3 105 106 107 81 82 83
sync incr outbuf rowcount id 3 2
Pop Layer Mem 0 rows 1
 Send sync next id 3 to id 5 outcount 2 outmax 4
pop sync block id 3 layer 3 rowcnt 0
send sync msg prev from 3 to 1
Transfer to memory layer from layer 3 to layer 5 idx 0 Type 0 from addr 0 len 9 dest addr 9
Send sync msg prev from  id 2 layer 2 addr 0 idx 0 to layer 0 addr 0
sync message recd from next  id 0 layer 0 msg count 1 decremented outbuf cntr 0
Send sync msg prev from  id 3 layer 3 addr 0 idx 1 to layer 1 addr 0
sync message recd from next  id 1 layer 1 msg count 1 decremented outbuf cntr 0
Send sync msg next from  to 2 layer 2 addr 0 id 4 to layer 4 addr 0
sync message recd from prev  id 4 layer 4 msg count 1 incremented row cntr 2
Send sync msg next from  to 3 layer 3 addr 0 id 5 to layer 5 addr 0
sync message recd from prev  id 5 layer 5 msg count 1 incremented row cntr 2
 Send sync direct next id 0 to id 0 outcount 0 outmax 15
sync incr outbuf rowcount id 0 1
 Send sync direct next id 1 to id 1 outcount 0 outmax 15
sync incr outbuf rowcount id 1 1
sync message recd from prev  id 0 layer 0 msg count 1 incremented row cntr 1
sync message recd from prev  id 1 layer 1 msg count 1 incremented row cntr 1
 external dma transfer : source addr 18 dest addr 18 length 12
 external dma transfer : source addr 12 dest addr 12 length 9
Pop Layer Mem 850 rows 1
pop sync block id 0 layer 0 rowcnt 0
send sync msg prev from 0 to 0
 Send sync next id 0 to id 2 outcount 0 outmax 4
sync incr outbuf rowcount id 0 1
 Clear transfer at SET_UP_NEXT 3300 startxbar 0 i 0 anxbars 1
 Clear transfer 3300 0
Send sync msg prev from  id 0 layer 0 addr 0 to Input 
 addr 0
Pop Layer Mem 860 rows 1
pop sync block id 1 layer 1 rowcnt 0
send sync msg prev from 1 to 1
 Send sync next id 1 to id 3 outcount 0 outmax 4
sync incr outbuf rowcount id 1 1
 Clear transfer at SET_UP_NEXT 3301 startxbar 1 i 1 anxbars 1
 Clear transfer 3300 1
Send sync msg prev from  id 1 layer 1 addr 0 to Input 
 addr 0
sync message recd from next  id 0 Input  msg count 1 decremented outbuf cntr 0
Send sync msg next from  to 0 layer 0 addr 0 id 2 to layer 2 addr 0
sync message recd from next  id 1 Input  msg count 1 decremented outbuf cntr 0
sync message recd from prev  id 2 layer 2 msg count 1 incremented row cntr 1
Send sync msg next from  to 1 layer 1 addr 0 id 3 to layer 3 addr 0
 outbuf blk 22 size 12 mac_data_entry._rptcnt 2 mac_data_entry._daddr 0
id 3300 repeatcnt 2 strip_cnt 12 width 8 caddr 0 cnt 0
 GAP Final result 3300 2 3 4 106 107 108 82 83 84 58 59 60 
 GAP ID 3300 val_out 2 addr 0
 GAP ID 3300 val_out 3 addr 1
 GAP ID 3300 val_out 4 addr 2
 GAP ID 3300 val_out 106 addr 3
 GAP ID 3300 val_out 107 addr 4
 GAP ID 3300 val_out 108 addr 5
 GAP ID 3300 val_out 82 addr 6
 GAP ID 3300 val_out 83 addr 7
 GAP ID 3300 val_out 84 addr 8
 GAP ID 3300 val_out 58 addr 9
 GAP ID 3300 val_out 59 addr 10
 GAP ID 3300 val_out 60 addr 11
Gap ID 3300 Done 
Chip 0 Transfer to result ID 3302 size 12  2 3 4 106 107 108 82 83 84 58 59 60
sync incr outbuf rowcount id 2 3
Pop Layer Mem 0 rows 1
 Send sync next id 2 to id 4 outcount 3 outmax 4
pop sync block id 2 layer 2 rowcnt 0
send sync msg prev from 2 to 0
 Clear transfer at SET_UP_NEXT 3302 startxbar 2 i 2 anxbars 1
 Clear transfer 3300 2
sync message recd from prev  id 3 layer 3 msg count 1 incremented row cntr 1
Transfer to memory layer from layer 2 to layer 4 idx 0 Type 0 from addr 0 len 12 dest addr 24
 ADD TRANSFER here 
 outbuf blk 21 size 9 mac_data_entry._rptcnt 2 mac_data_entry._daddr 0
id 3300 repeatcnt 2 strip_cnt 9 width 8 caddr 0 cnt 0
 GAP Final result 3300 2 3 4 106 107 108 82 83 84 
 GAP ID 3300 val_out 2 addr 0
 GAP ID 3300 val_out 3 addr 1
 GAP ID 3300 val_out 4 addr 2
 GAP ID 3300 val_out 106 addr 3
 GAP ID 3300 val_out 107 addr 4
 GAP ID 3300 val_out 108 addr 5
 GAP ID 3300 val_out 82 addr 6
 GAP ID 3300 val_out 83 addr 7
 GAP ID 3300 val_out 84 addr 8
Gap ID 3300 Done 
Chip 0 Transfer to result ID 3303 size 9  2 3 4 106 107 108 82 83 84
sync incr outbuf rowcount id 3 3
Pop Layer Mem 0 rows 1
 Send sync next id 3 to id 5 outcount 3 outmax 4
pop sync block id 3 layer 3 rowcnt 0
send sync msg prev from 3 to 1
 Clear transfer at SET_UP_NEXT 3303 startxbar 3 i 3 anxbars 1
 Clear transfer 3300 3
Transfer to memory layer from layer 3 to layer 5 idx 0 Type 0 from addr 0 len 9 dest addr 18
Send sync msg prev from  id 2 layer 2 addr 0 idx 0 to layer 0 addr 0
sync message recd from next  id 0 layer 0 msg count 1 decremented outbuf cntr 0
Send sync msg prev from  id 3 layer 3 addr 0 idx 1 to layer 1 addr 0
sync message recd from next  id 1 layer 1 msg count 1 decremented outbuf cntr 0
Send sync msg next from  to 2 layer 2 addr 0 id 4 to layer 4 addr 0
sync message recd from prev  id 4 layer 4 msg count 1 incremented row cntr 3
Wakeup 100
Input DMA Transfer ID 100 xbar 0 src addr 0 len 12 dest addr 0 left pad 0 right pad 0 blen 2048 bstep 0
Layer ID 100 xbar   _xbar_virsplit_grp_sz[elmt] 1 _blk_tfr_len[elmt] 2048 _blk_addr_step[xbar] 0 _blk_addr_channel_step[xbar] 0  _blk_tfr_channel_len[elmt]0
 0 1 2 104 105 106 80 81 82 56 57 58

Input DMA Transfer ID 100 xbar 0 src addr 12 len 12 dest addr 32 left pad 0 right pad 0 blen 2048 bstep 0
 1 2 3 105 106 107 81 82 83 57 58 59

Input DMA Transfer ID 100 xbar 0 src addr 24 len 12 dest addr 64 left pad 0 right pad 0 blen 2048 bstep 0
 2 3 4 106 107 108 82 83 84 58 59 60

DMA ID 100xbar 0 tfr  0 1 2 104 105 106 80 81 82 56 57 58 0 0 0 0 0 0 0 0 0 0 0 0 0 0 0 0 0 0 0 0 1 2 3 105 106 107 81 82 83 57 58 59 0 0 0 0 0 0 0 0 0 0 0 0 0 0 0 0 0 0 0 0 2 3 4 106 107 108 82 83 84 58 59 60 0 0 0 0 0 0 0 0 0 0 0 0 0 0 0 0 0 0 0 0 0 0 0 0 0 0 0 0 0 0 0 0 0 0 0 0 0 0 0 0 0 0 0 0 0 0 0 0 0 0 0 0 0 0 0 0 0 0 0 0 0 0 0 0 0 0 0 0 0 0 0 0 0 0 0 0 0 0 0 0 0 0 0 0 0 0 0 0 0 0 0 0 0 0 0 0 0 0 0 0 0 0 0 0 0 0 0 0 0 0 0 0 0 0 0 0 0 0 0 0 0 0 0 0 0 0 0 0 0 0 0 0 0 0 0 0 0 0 0 0 0 0 0 0 0 0 0 0 0 0 0 0 0 0 0 0 0 0 0 0 0 0 0 0 0 0 0 0 0 0 0 0 0 0 0 0 0 0 0 0 0 0 0 0 0 0 0 0 0 0 0 0 0 0 0 0 0 0 0 0 0 0 0 0 0 0 0 0 0 0 0 0 0 0 0 0 0 0 0 0 0 0 0 0 0 0 0 0 0 0 0 0 0 0 0 0 0 0 0 0 0 0 0 0 0 0 0 0 0 0 0 0 0 0 0 0 0 0 0 0 0 0 0 0 0 0 0 0 0 0 0 0 0 0 0 0 0 0 0 0 0 0 0 0 0 0 0 0 0 0 0 0 0 0 0 0 0 0 0 0 0 0 0 0 0 0 0 0 0 0 0 0 0 0 0 0 0 0 0 0 0 0 0 0 0 0 0 0 0 0 0 0 0 0 0 0 0 0 0 0 0 0 0 0 0 0 0 0 0 0 0 0 0 0 0 0 0 0 0 0 0 0 0 0 0 0 0 0 0 0 0 0 0 0 0 0 0 0 0 0 0 0 0 0 0 0 0 0 0 0 0 0 0 0 0 0 0 0 0 0 0 0 0 0 0 0 0 0 0 0 0 0 0 0 0 0 0 0 0 0 0 0 0 0 0 0 0 0 0 0 0 0 0 0 0 0 0 0 0 0 0 0 0 0 0 0 0 0 0 0 0 0 0 0 0 0 0 0 0 0 0 0 0 0 0 0 0 0 0 0 0 0 0 0 0 0 0 0 0 0 0 0 0 0 0 0 0 0 0 0 0 0 0 0 0 0 0 0 0 0 0 0 0 0 0 0 0 0 0 0 0 0 0 0 0 0 0 0 0 0 0 0 0 0 0 0 0 0 0 0 0 0 0 0 0 0 0 0 0 0 0 0 0 0 0 0 0 0 0 0 0 0 0 0 0 0 0 0 0 0 0 0 0 0 0 0 0 0 0 0 0 0 0 0 0 0 0 0 0 0 0 0 0 0 0 0 0 0 0 0 0 0 0 0 0 0 0 0 0 0 0 0 0 0 0 0 0 0 0 0 0 0 0 0 0 0 0 0 0 0 0 0 0 0 0 0 0 0 0 0 0 0 0 0 0 0 0 0 0 0 0 0 0 0 0 0 0 0 0 0 0 0 0 0 0 0 0 0 0 0 0 0 0 0 0 0 0 0 0 0 0 0 0 0 0 0 0 0 0 0 0 0 0 0 0 0 0 0 0 0 0 0 0 0 0 0 0 0 0 0 0 0 0 0 0 0 0 0 0 0 0 0 0 0 0 0 0 0 0 0 0 0 0 0 0 0 0 0 0 0 0 0 0 0 0 0 0 0 0 0 0 0 0 0 0 0 0 0 0 0 0 0 0 0 0 0 0 0 0 0 0 0 0 0 0 0 0 0 0 0 0 0 0 0 0 0 0 0 0 0 0 0 0 0 0 0 0 0 0 0 0 0 0 0 0 0 0 0 0 0 0 0 0 0 0 0 0 0 0 0 0 0 0 0 0 0 0 0 0 0 0 0 0 0 0 0 0 0 0 0 0 0 0 0 0 0 0 0 0 0 0 0 0 0 0 0 0 0 0 0 0 0 0 0 0 0 0 0 0 0 0 0 0 0 0 0 0 0 0 0 0 0 0 0 0 0 0 0 0 0 0 0 0 0 0 0 0 0 0 0 0 0 0 0 0 0 0 0 0 0 0 0 0 0 0 0 0 0 0 0 0 0 0 0 0 0 0 0 0 0 0 0 0 0 0 0 0 0 0 0 0 0 0 0 0 0 0 0 0 0 0 0 0 0 0 0 0 0 0 0 0 0 0 0 0 0 0 0 0 0 0 0 0 0 0 0 0 0 0 0 0 0 0 0 0 0 0 0 0 0 0 0 0 0 0 0 0 0 0 0 0 0 0 0 0 0 0 0 0 0 0 0 0 0 0 0 0 0 0 0 0 0 0 0 0 0 0 0 0 0 0 0 0 0 0 0 0 0 0 0 0 0 0 0 0 0 0 0 0 0 0 0 0 0 0 0 0 0 0 0 0 0 0 0 0 0 0 0 0 0 0 0 0 0 0 0 0 0 0 0 0 0 0 0 0 0 0 0 0 0 0 0 0 0 0 0 0 0 0 0 0 0 0 0 0 0 0 0 0 0 0 0 0 0 0 0 0 0 0 0 0 0 0 0 0 0 0 0 0 0 0 0 0 0 0 0 0 0 0 0 0 0 0 0 0 0 0 0 0 0 0 0 0 0 0 0 0 0 0 0 0 0 0 0 0 0 0 0 0 0 0 0 0 0 0 0 0 0 0 0 0 0 0 0 0 0 0 0 0 0 0 0 0 0 0 0 0 0 0 0 0 0 0 0 0 0 0 0 0 0 0 0 0 0 0 0 0 0 0 0 0 0 0 0 0 0 0 0 0 0 0 0 0 0 0 0 0 0 0 0 0 0 0 0 0 0 0 0 0 0 0 0 0 0 0 0 0 0 0 0 0 0 0 0 0 0 0 0 0 0 0 0 0 0 0 0 0 0 0 0 0 0 0 0 0 0 0 0 0 0 0 0 0 0 0 0 0 0 0 0 0 0 0 0 0 0 0 0 0 0 0 0 0 0 0 0 0 0 0 0 0 0 0 0 0 0 0 0 0 0 0 0 0 0 0 0 0 0 0 0 0 0 0 0 0 0 0 0 0 0 0 0 0 0 0 0 0 0 0 0 0 0 0 0 0 0 0 0 0 0 0 0 0 0 0 0 0 0 0 0 0 0 0 0 0 0 0 0 0 0 0 0 0 0 0 0 0 0 0 0 0 0 0 0 0 0 0 0 0 0 0 0 0 0 0 0 0 0 0 0 0 0 0 0 0 0 0 0 0 0 0 0 0 0 0 0 0 0 0 0 0 0 0 0 0 0 0 0 0 0 0 0 0 0 0 0 0 0 0 0 0 0 0 0 0 0 0 0 0 0 0 0 0 0 0 0 0 0 0 0 0 0 0 0 0 0 0 0 0 0 0 0 0 0 0 0 0 0 0 0 0 0 0 0 0 0 0 0 0 0 0 0 0 0 0 0 0 0 0 0 0 0 0 0 0 0 0 0 0 0 0 0 0 0 0 0 0 0 0 0 0 0 0 0 0 0 0 0 0 0 0 0 0 0 0 0 0 0 0 0 0 0 0 0 0 0 0 0 0 0 0 0 0 0 0 0 0 0 0 0 0 0 0 0 0 0 0 0 0 0 0 0 0 0 0 0 0 0 0 0 0 0 0 0 0 0 0 0 0 0 0 0 0 0 0 0 0 0 0 0 0 0 0 0 0 0 0 0 0 0 0 0 0 0 0 0 0 0 0 0 0 0 0 0 0 0 0 0 0 0 0 0 0 0 0 0 0 0 0 0 0 0 0 0 0 0 0 0 0 0 0 0 0 0 0 0 0 0 0 0 0 0 0 0 0 0 0 0 0 0 0 0 0 0 0 0 0 0 0 0 0 0 0 0 0 0 0 0 0 0 0 0 0 0 0 0 0 0 0 0 0 0 0 0 0 0 0 0 0 0 0 0 0 0 0 0 0 0 0 0 0 0 0 0 0 0 0 0 0 0 0 0 0 0 0 0 0 0 0 0 0 0 0 0 0 0 0 0 0 0 0 0 0 0 0 0 0 0 0 0 0 0 0 0 0 0 0 0 0 0 0 0 0 0 0 0 0 0 0 0 0 0 0 0 0 0 0 0 0 0 0 0 0 0 0 0 0 0 0 0 0 0 0 0 0 0 0 0 0 0 0 0 0 0 0 0 0 0 0 0 0 0 0 0 0 0 0 0 0 0 0 0 0 0 0 0 0 0 0 0 0 0 0 0 0 0 0 0 0 0 0 0 0 0 0 0 0 0 0 0 0 0 0 0 0 0 0 0 0 0 0 0 0 0 0 0 0 0 0 0 0 0 0 0 0 0 0 0 0 0 0 0 0 0 0 0 0 0 0 0 0 0 0 0 0 0 0 0 0 0 0 0 0 0 0 0 0 0 0 0 0 0 0 0 0 0 0 0 0 0 0 0 0 0 0 0 0 0 0 0 0 0 0 0 0 0 0 0 0 0 0 0 0 0 0 0 0 0 0 0 0 0
Input DMA Set Activation xbar 0
Input DMA xbar 0 layer read 0 xbar width 1024 Add to runq 0
 last blk clear 0
Send sync msg next from  to 3 layer 3 addr 0 id 5 to layer 5 addr 0
Pop Layer Mem 550 rows 1
pop sync block id 4 layer 4 rowcnt 2
send sync msg prev from 4 to 2
sync message recd from prev  id 5 layer 5 msg count 1 incremented row cntr 3
Wakeup 200
Input DMA Transfer ID 200 xbar 1 src addr 0 len 9 dest addr 0 left pad 0 right pad 0 blen 2048 bstep 0
Layer ID 200 xbar  _xbar_virsplit_grp_sz[elmt] 1 _blk_tfr_len[elmt] 2048 _blk_addr_step[xbar] 0 _blk_addr_channel_step[xbar] 0  _blk_tfr_channel_len[elmt]0
 0 1 2 104 105 106 80 81 82

Input DMA Transfer ID 200 xbar 1 src addr 9 len 9 dest addr 32 left pad 0 right pad 0 blen 2048 bstep 0
 1 2 3 105 106 107 81 82 83

Input DMA Transfer ID 200 xbar 1 src addr 18 len 9 dest addr 64 left pad 0 right pad 0 blen 2048 bstep 0
 2 3 4 106 107 108 82 83 84

DMA ID 200xbar 1 tfr  0 1 2 104 105 106 80 81 82 0 0 0 0 0 0 0 0 0 0 0 0 0 0 0 0 0 0 0 0 0 0 0 1 2 3 105 106 107 81 82 83 0 0 0 0 0 0 0 0 0 0 0 0 0 0 0 0 0 0 0 0 0 0 0 2 3 4 106 107 108 82 83 84 0 0 0 0 0 0 0 0 0 0 0 0 0 0 0 0 0 0 0 0 0 0 0 0 0 0 0 0 0 0 0 0 0 0 0 0 0 0 0 0 0 0 0 0 0 0 0 0 0 0 0 0 0 0 0 0 0 0 0 0 0 0 0 0 0 0 0 0 0 0 0 0 0 0 0 0 0 0 0 0 0 0 0 0 0 0 0 0 0 0 0 0 0 0 0 0 0 0 0 0 0 0 0 0 0 0 0 0 0 0 0 0 0 0 0 0 0 0 0 0 0 0 0 0 0 0 0 0 0 0 0 0 0 0 0 0 0 0 0 0 0 0 0 0 0 0 0 0 0 0 0 0 0 0 0 0 0 0 0 0 0 0 0 0 0 0 0 0 0 0 0 0 0 0 0 0 0 0 0 0 0 0 0 0 0 0 0 0 0 0 0 0 0 0 0 0 0 0 0 0 0 0 0 0 0 0 0 0 0 0 0 0 0 0 0 0 0 0 0 0 0 0 0 0 0 0 0 0 0 0 0 0 0 0 0 0 0 0 0 0 0 0 0 0 0 0 0 0 0 0 0 0 0 0 0 0 0 0 0 0 0 0 0 0 0 0 0 0 0 0 0 0 0 0 0 0 0 0 0 0 0 0 0 0 0 0 0 0 0 0 0 0 0 0 0 0 0 0 0 0 0 0 0 0 0 0 0 0 0 0 0 0 0 0 0 0 0 0 0 0 0 0 0 0 0 0 0 0 0 0 0 0 0 0 0 0 0 0 0 0 0 0 0 0 0 0 0 0 0 0 0 0 0 0 0 0 0 0 0 0 0 0 0 0 0 0 0 0 0 0 0 0 0 0 0 0 0 0 0 0 0 0 0 0 0 0 0 0 0 0 0 0 0 0 0 0 0 0 0 0 0 0 0 0 0 0 0 0 0 0 0 0 0 0 0 0 0 0 0 0 0 0 0 0 0 0 0 0 0 0 0 0 0 0 0 0 0 0 0 0 0 0 0 0 0 0 0 0 0 0 0 0 0 0 0 0 0 0 0 0 0 0 0 0 0 0 0 0 0 0 0 0 0 0 0 0 0 0 0 0 0 0 0 0 0 0 0 0 0 0 0 0 0 0 0 0 0 0 0 0 0 0 0 0 0 0 0 0 0 0 0 0 0 0 0 0 0 0 0 0 0 0 0 0 0 0 0 0 0 0 0 0 0 0 0 0 0 0 0 0 0 0 0 0 0 0 0 0 0 0 0 0 0 0 0 0 0 0 0 0 0 0 0 0 0 0 0 0 0 0 0 0 0 0 0 0 0 0 0 0 0 0 0 0 0 0 0 0 0 0 0 0 0 0 0 0 0 0 0 0 0 0 0 0 0 0 0 0 0 0 0 0 0 0 0 0 0 0 0 0 0 0 0 0 0 0 0 0 0 0 0 0 0 0 0 0 0 0 0 0 0 0 0 0 0 0 0 0 0 0 0 0 0 0 0 0 0 0 0 0 0 0 0 0 0 0 0 0 0 0 0 0 0 0 0 0 0 0 0 0 0 0 0 0 0 0 0 0 0 0 0 0 0 0 0 0 0 0 0 0 0 0 0 0 0 0 0 0 0 0 0 0 0 0 0 0 0 0 0 0 0 0 0 0 0 0 0 0 0 0 0 0 0 0 0 0 0 0 0 0 0 0 0 0 0 0 0 0 0 0 0 0 0 0 0 0 0 0 0 0 0 0 0 0 0 0 0 0 0 0 0 0 0 0 0 0 0 0 0 0 0 0 0 0 0 0 0 0 0 0 0 0 0 0 0 0 0 0 0 0 0 0 0 0 0 0 0 0 0 0 0 0 0 0 0 0 0 0 0 0 0 0 0 0 0 0 0 0 0 0 0 0 0 0 0 0 0 0 0 0 0 0 0 0 0 0 0 0 0 0 0 0 0 0 0 0 0 0 0 0 0 0 0 0 0 0 0 0 0 0 0 0 0 0 0 0 0 0 0 0 0 0 0 0 0 0 0 0 0 0 0 0 0 0 0 0 0 0 0 0 0 0 0 0 0 0 0 0 0 0 0 0 0 0 0 0 0 0 0 0 0 0 0 0 0 0 0 0 0 0 0 0 0 0 0 0 0 0 0 0 0 0 0 0 0 0 0 0 0 0 0 0 0 0 0 0 0 0 0 0 0 0 0 0 0 0 0 0 0 0 0 0 0 0 0 0 0 0 0 0 0 0 0 0 0 0 0 0 0 0 0 0 0 0 0 0 0 0 0 0 0 0 0 0 0 0 0 0 0 0 0 0 0 0 0 0 0 0 0 0 0 0 0 0 0 0 0 0 0 0 0 0 0 0 0 0 0 0 0 0 0 0 0 0 0 0 0 0 0 0 0 0 0 0 0 0 0 0 0 0 0 0 0 0 0 0 0 0 0 0 0 0 0 0 0 0 0 0 0 0 0 0 0 0 0 0 0 0 0 0 0 0 0 0 0 0 0 0 0 0 0 0 0 0 0 0 0 0 0 0 0 0 0 0 0 0 0 0 0 0 0 0 0 0 0 0 0 0 0 0 0 0 0 0 0 0 0 0 0 0 0 0 0 0 0 0 0 0 0 0 0 0 0 0 0 0 0 0 0 0 0 0 0 0 0 0 0 0 0 0 0 0 0 0 0 0 0 0 0 0 0 0 0 0 0 0 0 0 0 0 0 0 0 0 0 0 0 0 0 0 0 0 0 0 0 0 0 0 0 0 0 0 0 0 0 0 0 0 0 0 0 0 0 0 0 0 0 0 0 0 0 0 0 0 0 0 0 0 0 0 0 0 0 0 0 0 0 0 0 0 0 0 0 0 0 0 0 0 0 0 0 0 0 0 0 0 0 0 0 0 0 0 0 0 0 0 0 0 0 0 0 0 0 0 0 0 0 0 0 0 0 0 0 0 0 0 0 0 0 0 0 0 0 0 0 0 0 0 0 0 0 0 0 0 0 0 0 0 0 0 0 0 0 0 0 0 0 0 0 0 0 0 0 0 0 0 0 0 0 0 0 0 0 0 0 0 0 0 0 0 0 0 0 0 0 0 0 0 0 0 0 0 0 0 0 0 0 0 0 0 0 0 0 0 0 0 0 0 0 0 0 0 0 0 0 0 0 0 0 0 0 0 0 0 0 0 0 0 0 0 0 0 0 0 0 0 0 0 0 0 0 0 0 0 0 0 0 0 0 0 0 0 0 0 0 0 0 0 0 0 0 0 0 0 0 0 0 0 0 0 0 0 0 0 0 0 0 0 0 0 0 0 0 0 0 0 0 0 0 0 0 0 0 0 0 0 0 0 0 0 0 0 0 0 0 0 0 0 0 0 0 0 0 0 0 0 0 0 0 0 0 0 0 0 0 0 0 0 0 0 0 0 0 0 0 0 0 0 0 0 0 0 0 0 0 0 0 0 0 0 0 0 0 0 0 0 0 0 0 0 0 0 0 0 0 0 0 0 0 0 0 0 0 0 0 0 0 0 0 0 0 0 0 0 0 0 0 0 0 0 0 0 0 0 0 0 0 0 0 0 0 0 0 0 0 0 0 0 0 0 0 0 0 0 0 0 0 0 0 0 0 0 0 0 0 0 0 0 0 0 0 0 0 0 0 0 0 0 0 0 0 0 0 0 0 0 0 0 0 0 0 0 0 0 0 0 0 0 0 0 0 0 0 0 0 0 0 0 0 0 0 0 0 0 0 0 0 0 0 0 0 0 0 0 0 0 0 0 0 0 0 0 0 0 0 0 0 0 0 0 0 0 0 0 0 0 0 0 0 0 0 0 0 0 0 0 0 0 0 0 0 0 0 0 0 0 0 0 0 0 0 0 0 0 0 0 0 0 0 0 0 0 0 0 0 0 0 0 0 0 0 0 0 0 0 0 0 0 0 0 0 0 0 0 0 0 0 0 0 0 0 0 0 0 0 0 0 0 0 0 0 0 0 0 0 0 0 0 0 0 0 0 0 0 0 0 0 0 0 0 0 0 0 0 0 0 0 0 0 0 0 0 0 0 0 0 0 0 0 0 0 0 0 0 0 0 0 0 0 0 0 0 0 0 0 0 0 0 0 0 0 0 0 0 0 0 0 0 0 0 0 0 0 0 0 0 0 0 0 0 0 0 0 0 0 0 0 0 0 0 0 0 0 0 0 0 0 0 0 0 0 0 0 0 0 0 0 0 0 0 0 0 0 0 0 0 0 0 0 0 0 0 0 0 0 0 0 0 0 0 0 0 0 0 0 0 0 0 0 0 0 0 0 0 0 0 0 0 0 0 0 0 0 0 0 0 0 0 0 0 0 0 0 0 0 0 0 0 0 0 0 0 0 0 0 0 0 0 0 0 0 0 0 0 0 0 0 0 0 0 0 0 0 0 0 0 0 0 0 0 0 0 0 0 0 0 0 0 0 0 0 0 0 0 0 0 0 0 0 0 0 0 0 0 0
Input DMA Set Activation xbar 1
Input DMA xbar 1 layer read 0 xbar width 1024 Add to runq 1
 last blk clear 1
Send sync msg prev from  id 4 layer 4 addr 0 idx 2 to layer 2 addr 0
Pop Layer Mem 650 rows 1
pop sync block id 5 layer 5 rowcnt 2
send sync msg prev from 5 to 3
send sync msg prev from 4 to 2
pop sync block id 4 layer 4 rowcnt 1
 SET_UP_NEXT _id 100 remaining_rows 2 sync msg sent
sync message recd from next  id 2 layer 2 msg count 1 decremented outbuf cntr 2
Send sync msg prev from  id 4 layer 4 addr 0 idx 2 to layer 2 addr 0
send sync msg prev from 4 to 2
pop sync block id 4 layer 4 rowcnt 0
 SET_UP_NEXT _id 100 remaining_rows 2 sync msg sent
 SET_UP_NEXT done _id 100 remaining_rows 2
sync message recd from next  id 2 layer 2 msg count 1 decremented outbuf cntr 1
Send sync msg prev from  id 4 layer 4 addr 0 idx 2 to layer 2 addr 0
Put to sleep 100
sync message recd from next  id 2 layer 2 msg count 1 decremented outbuf cntr 0
Send sync msg prev from  id 5 layer 5 addr 0 idx 3 to layer 3 addr 0
 Grp 0 Rdy  11 150 
 Output DMA debug 100 blk 0 layer id 0 rolen 2 processed len 0 blktfrlen 2 addr step 2
Output DMA MAC cmd data created 100 block 0 layer 0 pushed count 2 doneq size 2
send sync msg prev from 5 to 3
pop sync block id 5 layer 5 rowcnt 1
 SET_UP_NEXT _id 200 remaining_rows 2 sync msg sent
sync message recd from next  id 3 layer 3 msg count 1 decremented outbuf cntr 2
Send sync msg prev from  id 5 layer 5 addr 0 idx 3 to layer 3 addr 0
Wakeup output 100
 outbuf blk 0 size 2 mac_data_entry._rptcnt 1 mac_data_entry._daddr 0
Simd ID 100 Done 
Chip 0 Transfer to result ID 100 size 2  11 15
sync incr outbuf rowcount id 4 1
 Send sync next id 4 to id 6 outcount 1 outmax 4
 Clear transfer at SET_UP_NEXT 100 startxbar 0 i 0 anxbars 1
 Clear transfer 100 0
Put to sleep output 100
send sync msg prev from 5 to 3
pop sync block id 5 layer 5 rowcnt 0
 SET_UP_NEXT _id 200 remaining_rows 2 sync msg sent
 SET_UP_NEXT done _id 200 remaining_rows 2
 Grp 1 Rdy  111 
 Output DMA debug 200 blk 1 layer id 0 rolen 1 processed len 0 blktfrlen 1 addr step 1
Output DMA MAC cmd data created 200 block 1 layer 0 pushed count 1 doneq size 1
sync message recd from next  id 3 layer 3 msg count 1 decremented outbuf cntr 1
Transfer to memory layer from layer 4 to layer 6 idx 0 Type 0 from addr 0 len 2 dest addr 0
Put to sleep 200
Wakeup output 200
 outbuf blk 0 size 1 mac_data_entry._rptcnt 1 mac_data_entry._daddr 0
Simd ID 200 Done 
Chip 0 Transfer to result ID 200 size 1  11
sync incr outbuf rowcount id 5 1
 Send sync next id 5 to id 7 outcount 1 outmax 4
 Clear transfer at SET_UP_NEXT 200 startxbar 1 i 1 anxbars 1
 Clear transfer 200 1
Put to sleep output 200
Transfer to memory layer from layer 5 to layer 7 idx 0 Type 0 from addr 0 len 1 dest addr 0
Send sync msg prev from  id 5 layer 5 addr 0 idx 3 to layer 3 addr 0
sync message recd from next  id 3 layer 3 msg count 1 decremented outbuf cntr 0
Send sync msg next from  to 4 layer 4 addr 0 id 6 to layer 6 addr 0
sync message recd from prev  id 6 layer 6 msg count 1 incremented row cntr 1
Send sync msg next from  to 5 layer 5 addr 0 id 7 to layer 7 addr 0
Start external io id 3304 smem 0 saddr 0 length 2 dlayer 4 dmemidx 1 len1 2 len2 0 waddr 32768 wsize 16384 rw 1
 external dma transfer : source addr 0 dest addr 0 length 2
Pop Layer Mem 0 rows 1
pop sync block id 6 layer 6 rowcnt 0
send sync msg prev from 6 to 4
 Send sync next id 6 to id 2 outcount 0 outmax 15
sync incr outbuf rowcount id 6 1
 Clear transfer at SET_UP_NEXT 3304 startxbar 4 i 4 anxbars 1
 Clear transfer 3300 4
sync message recd from prev  id 7 layer 7 msg count 1 incremented row cntr 1
Send sync msg prev from  id 6 layer 6 addr 0 idx 4 to layer 4 addr 0
Start external io id 3305 smem 0 saddr 0 length 1 dlayer 5 dmemidx 1 len1 1 len2 0 waddr 32768 wsize 16384 rw 1
 external dma transfer : source addr 0 dest addr 0 length 1
Pop Layer Mem 0 rows 1
pop sync block id 7 layer 7 rowcnt 0
send sync msg prev from 7 to 5
 Send sync next id 7 to id 3 outcount 0 outmax 15
sync incr outbuf rowcount id 7 1
 Clear transfer at SET_UP_NEXT 3305 startxbar 5 i 5 anxbars 1
 Clear transfer 3300 5
sync message recd from next  id 4 layer 4 msg count 1 decremented outbuf cntr 0
Send sync msg prev from  id 7 layer 7 addr 0 idx 5 to layer 5 addr 0
sync message recd from next  id 5 layer 5 msg count 1 decremented outbuf cntr 0
Send sync msg next from  to 6 layer 6 addr 0 to Output  addr 0
Send sync msg next from  to 7 layer 7 addr 0 to Output  addr 0
sync message recd from prev  id 2 Output  msg count 1 incremented row cntr 1
decr rowcounter 2 rowcounter 0
 Send sync direct prev id 2 to id 6
Pop Layer Mem 0 rows 1
sync message recd from next  id 6 layer 6 msg count 1 decremented outbuf cntr 0
sync message recd from prev  id 3 Output  msg count 1 incremented row cntr 1
decr rowcounter 3 rowcounter 0
 Send sync direct prev id 3 to id 7
Pop Layer Mem 0 rows 1
sync message recd from next  id 7 layer 7 msg count 1 decremented outbuf cntr 0


Chip 0 Statistics
Chip Statistics 
Layer 500 Max Layer Memory Size 0: 0 Max Result Reg Size: 2
Layer 600 Max Layer Memory Size 0: 0 Max Result Reg Size: 1


